Running FasterCap version 6.0.7
Copyright 2019 FastFieldSolvers S.R.L. http://www.fastfieldsolvers.com, All Rights reserved
Starting capacitance extraction with the following parameters:
Input file: wires_M2oLI1_W017W014_L032L140.txt

3D Solver Engine invoked
Solution scheme (-g): Collocation, GMRES tolerance (-t): 0.01
Out-of-core free memory to link memory condition (-f): 5
Potential interaction coefficient to mesh refinement ratio (-d): 1
Mesh curvature (-mc): 3
Mesh refinement (-m): 0.1
Precond Type(s) (-p): Jacobi 
Number of input panels to solver engine: 2516

***************************************
Refining the geometry.. 
Refinement completed
***************************************
Computing the links.. 
Number of panels after refinement: 2516
Number of links to be computed: 12214
Done computing links
***************************************
GMRES Iteration: 0 1 2 3 4 5 6 7 8 9 10 11 12 
GMRES Iteration: 0 1 2 3 4 5 6 7 8 9 10 11 12 13 
GMRES Iteration: 0 1 2 3 4 5 6 7 8 9 10 11 12 
GMRES Iteration: 0 1 2 3 4 5 6 7 8 9 10 11 12 13 
GMRES Iteration: 0 1 2 3 4 5 6 7 8 9 10 11 12 13 
GMRES Iteration: 0 1 2 3 4 5 6 7 8 9 10 11 12 13 
GMRES Iteration: 0 1 2 3 4 5 6 7 8 9 10 11 12 13 
GMRES Iteration: 0 1 2 3 4 5 6 7 8 9 10 11 12 13 
GMRES Iteration: 0 1 2 3 4 5 6 7 8 9 10 11 12 13 
GMRES Iteration: 0 1 2 3 4 5 6 7 8 9 10 11 12 13 
GMRES Iteration: 0 1 2 3 4 5 6 7 8 9 10 11 12 13 
GMRES Iteration: 0 1 2 3 4 5 6 7 8 9 10 11 12 13 
GMRES Iteration: 0 1 2 3 4 5 6 7 8 9 10 11 12 13 
GMRES Iteration: 0 1 2 3 4 5 6 7 8 9 10 11 12 13 
GMRES Iteration: 0 1 2 3 4 5 6 7 8 9 10 11 12 13 
GMRES Iteration: 0 1 2 3 4 5 6 7 8 9 10 11 12 13 
GMRES Iteration: 0 1 2 3 4 5 6 7 8 9 10 11 12 13 
GMRES Iteration: 0 1 2 3 4 5 6 7 8 9 10 11 12 13 
GMRES Iteration: 0 1 2 3 4 5 6 7 8 9 10 11 12 13 
GMRES Iteration: 0 1 2 3 4 5 6 7 8 9 10 11 12 13 
GMRES Iteration: 0 1 2 3 4 5 6 7 8 9 10 11 12 13 
GMRES Iteration: 0 1 2 3 4 5 6 7 8 9 10 11 12 13 
GMRES Iteration: 0 1 2 3 4 5 6 7 8 9 10 11 12 13 
GMRES Iteration: 0 1 2 3 4 5 6 7 8 9 10 11 12 13 
GMRES Iteration: 0 1 2 3 4 5 6 7 8 9 10 11 12 13 
GMRES Iteration: 0 1 2 3 4 5 6 7 8 9 10 11 12 13 
GMRES Iteration: 0 1 2 3 4 5 6 7 8 9 10 11 12 13 
GMRES Iteration: 0 1 2 3 4 5 6 7 8 9 10 11 12 13 
GMRES Iteration: 0 1 2 3 4 5 6 7 8 9 10 11 12 13 
GMRES Iteration: 0 1 2 3 4 5 6 7 8 9 10 11 12 13 
GMRES Iteration: 0 1 2 3 4 5 6 7 8 9 10 11 12 13 
GMRES Iteration: 0 1 2 3 4 5 6 7 8 9 10 11 12 13 
GMRES Iteration: 0 1 2 3 4 5 6 7 8 9 10 11 12 13 
GMRES Iteration: 0 1 2 3 4 5 6 7 8 9 10 11 12 13 
GMRES Iteration: 0 1 2 3 4 5 6 7 8 9 10 11 12 13 
GMRES Iteration: 0 1 2 3 4 5 6 7 8 9 10 11 12 13 
GMRES Iteration: 0 1 2 3 4 5 6 7 8 9 10 11 12 13 
GMRES Iteration: 0 1 2 3 4 5 6 7 8 9 10 11 12 13 
GMRES Iteration: 0 1 2 3 4 5 6 7 8 9 10 11 12 13 
GMRES Iteration: 0 1 2 3 4 5 6 7 8 9 10 11 12 13 
GMRES Iteration: 0 1 2 3 4 5 6 7 8 9 10 11 12 13 
GMRES Iteration: 0 1 2 3 4 5 6 7 8 9 10 11 12 13 
GMRES Iteration: 0 1 2 3 4 5 6 7 8 9 10 11 12 13 
GMRES Iteration: 0 1 2 3 4 5 6 7 8 9 10 11 12 
GMRES Iteration: 0 1 2 3 4 5 6 7 8 9 10 11 12 13 14 15 16 17 
GMRES Iteration: 0 1 2 3 4 5 6 7 8 9 10 11 12 13 14 15 16 17 18 19 20 21 22 23 24 25 26 27 28 29 30 31 32 33 34 35 36 37 38 39 40 41 42 43 44 45 46 47 
GMRES Iteration: 0 1 2 3 4 5 6 7 8 9 10 11 12 13 14 15 16 17 18 19 20 21 22 23 24 25 26 27 28 29 30 31 32 33 34 35 36 37 38 39 40 41 42 43 44 
GMRES Iteration: 0 1 2 3 4 5 6 7 8 9 10 11 12 13 14 15 16 17 18 19 20 21 22 23 24 25 26 27 28 29 30 31 32 33 34 35 36 37 38 39 40 41 42 43 
GMRES Iteration: 0 1 2 3 4 5 6 7 8 9 10 11 12 13 14 15 16 17 18 19 20 21 22 
Capacitance matrix is:
Dimension 49 x 49
g1_wire_17_017  3.67035e-16 -1.90485e-16 -3.18723e-17 -5.85119e-19 -3.18008e-17 3.49032e-18 8.67815e-19 -2.17618e-18 1.62568e-18 -8.31246e-19 -2.61003e-19 1.37657e-18 -5.15243e-18 7.79647e-19 -3.64831e-19 -8.46165e-19 -7.98151e-20 -4.40429e-19 -3.63315e-19 -2.93595e-19 -3.78463e-19 -3.58722e-19 -3.58295e-19 -4.12355e-19 -3.85975e-19 -6.82718e-19 3.0371e-19 -9.82858e-20 -1.6837e-19 -1.36e-19 -2.47546e-19 -2.61174e-19 -1.27294e-19 -1.85757e-19 -1.44728e-19 -1.26434e-19 -1.28196e-19 -1.19624e-19 -1.30036e-19 -1.35561e-19 -2.28161e-19 -2.36141e-19 -3.26669e-19 -6.6398e-19 -1.5142e-17 -7.39619e-18 2.12634e-18 -4.68764e-18 -7.0138e-18 
g2_wire_17_017  -1.8499e-16 4.65176e-16 -1.74881e-16 -2.88377e-17 1.87945e-17 -3.17031e-17 2.50669e-18 3.12563e-18 -2.54902e-18 7.63307e-19 -1.13842e-18 -2.25692e-18 9.26698e-19 1.61437e-19 -8.51109e-20 1.13326e-19 -1.63175e-19 -9.34977e-20 -8.17451e-20 -1.49163e-19 -1.42629e-19 -2.09306e-19 -3.44874e-19 -2.20596e-19 -3.52211e-19 -8.65808e-19 7.17646e-19 8.23921e-20 -1.36587e-20 5.96859e-20 -6.5932e-20 -5.48321e-20 -1.60803e-20 -6.96546e-20 -6.62667e-20 -7.24249e-20 -7.54249e-20 -6.78076e-20 -6.43618e-20 -5.35259e-20 -8.02645e-20 -6.73317e-20 -9.65435e-20 -2.4109e-19 -6.72916e-18 -3.1204e-18 -4.85056e-18 -4.77032e-18 -1.06909e-17 
g3_wire_17_017  -3.95743e-17 -1.64363e-16 4.75049e-16 -1.72199e-16 -2.47055e-17 1.7058e-17 -3.37308e-17 2.84071e-18 2.60409e-18 -2.41927e-18 1.26269e-18 -1.28459e-18 -1.02779e-18 1.63988e-18 -2.3861e-19 -2.08991e-19 -4.99025e-20 -2.6568e-19 -2.18727e-19 -2.47959e-19 -2.64228e-19 -2.93081e-19 -4.29398e-19 -2.51977e-19 -3.59267e-19 -9.84414e-19 1.13136e-18 2.66766e-19 9.46461e-20 1.33884e-19 -9.13975e-20 -1.17426e-19 -8.98148e-20 -1.05291e-19 -5.86773e-20 -4.61495e-20 -3.40044e-20 -2.69005e-20 -3.83747e-20 -5.36051e-20 -9.87347e-20 -1.17086e-19 -1.53352e-19 -2.46128e-19 -8.37634e-18 -5.6832e-18 -5.62535e-18 -6.99604e-18 -7.61418e-18 
g4_wire_17_017  6.70116e-18 -4.17577e-17 -1.63619e-16 4.72806e-16 -1.70607e-16 -2.55428e-17 2.20816e-17 -3.74797e-17 2.60713e-18 2.75322e-18 -2.63955e-18 9.52819e-19 -1.47717e-18 1.44094e-18 1.76394e-19 -4.87067e-19 -1.08203e-19 -2.81177e-19 -3.05334e-19 -2.01452e-19 -1.38678e-19 -2.15566e-19 -4.26655e-19 -1.68858e-19 -4.0985e-19 -1.19907e-18 1.17194e-18 1.9157e-19 4.37133e-20 1.61599e-19 -2.10699e-20 1.0134e-21 1.16591e-20 -6.17129e-20 -7.96503e-20 -9.7654e-20 -9.854e-20 -8.908e-20 -8.33687e-20 -6.80895e-20 -7.6984e-20 -6.13286e-20 -7.91591e-20 -1.74759e-19 -1.01042e-17 -7.37224e-18 -6.10323e-18 -7.67791e-18 -8.40324e-18 
g5_wire_17_017  -3.71243e-17 2.86851e-17 -3.83295e-17 -1.6071e-16 4.74777e-16 -1.73984e-16 -3.05526e-17 2.36492e-17 -3.76328e-17 2.57288e-18 3.1219e-18 -2.5947e-18 1.18635e-18 9.93399e-19 -2.01416e-19 -4.09182e-20 -4.82535e-19 -4.18906e-19 -3.13541e-19 -2.99798e-19 -1.56902e-19 -1.63887e-19 -3.14174e-19 -1.98651e-19 -3.70599e-19 -1.059e-18 1.05066e-18 1.92626e-19 6.29364e-20 1.60604e-19 -1.05037e-20 -2.49938e-23 -4.32268e-21 -7.31558e-20 -9.11377e-20 -1.06391e-19 -1.02531e-19 -8.98802e-20 -8.02006e-20 -6.42065e-20 -6.60965e-20 -5.17443e-20 -6.17817e-20 -1.26725e-19 -8.25707e-18 -5.7646e-18 -4.75503e-18 -6.79185e-18 -9.19608e-18 
g6_wire_17_017  2.01939e-18 -3.73155e-17 2.66852e-17 -3.41061e-17 -1.6652e-16 4.77552e-16 -1.75982e-16 -3.19816e-17 2.51695e-17 -3.82835e-17 2.80543e-18 3.22375e-18 -2.29261e-18 2.19177e-18 -1.76422e-19 -5.09118e-19 -1.96091e-19 -6.44814e-19 -4.25912e-19 -2.75763e-19 -1.98571e-19 -1.31987e-19 -2.56653e-19 -1.20802e-19 -3.1457e-19 -9.24041e-19 8.76914e-19 1.16951e-19 -7.76435e-21 6.47893e-20 -8.74147e-20 -6.59695e-20 -2.40969e-20 -5.84479e-20 -4.87893e-20 -5.40457e-20 -5.4404e-20 -5.61366e-20 -6.72453e-20 -7.43776e-20 -9.95085e-20 -1.01148e-19 -1.19157e-19 -1.89221e-19 -1.49995e-17 -8.50589e-18 4.50287e-20 -2.61645e-18 -6.78155e-18 
g7_wire_17_017  2.93889e-18 1.94862e-18 -3.59742e-17 2.11597e-17 -3.39091e-17 -1.68342e-16 4.78701e-16 -1.76913e-16 -3.0497e-17 2.45955e-17 -3.69619e-17 4.25488e-18 3.82294e-18 -2.94271e-18 1.77953e-18 -3.37447e-19 -5.99016e-19 -2.02026e-19 -7.38909e-19 -4.37335e-19 -1.96786e-19 -2.36022e-19 -3.80076e-19 -3.22138e-20 -3.4499e-19 -9.33172e-19 8.4868e-19 1.10808e-19 -3.67435e-22 7.09177e-20 -7.85563e-20 -6.47608e-20 -2.94122e-20 -6.32762e-20 -5.31366e-20 -5.85907e-20 -5.62361e-20 -5.48106e-20 -6.22195e-20 -6.60196e-20 -8.76487e-20 -8.73583e-20 -1.03615e-19 -1.70625e-19 -8.45081e-18 -6.55306e-18 -1.50938e-18 -8.31704e-18 -9.50527e-18 
g8_wire_17_017  -2.0165e-18 4.29063e-18 1.05931e-18 -3.47309e-17 2.22584e-17 -3.52025e-17 -1.68129e-16 4.77939e-16 -1.76155e-16 -2.75083e-17 2.45916e-17 -3.4311e-17 3.66754e-18 6.21671e-19 -3.34117e-18 1.14205e-18 -7.11861e-19 -4.87553e-19 1.43793e-20 -2.68104e-19 -5.43335e-20 3.69328e-20 1.51465e-19 -6.93243e-19 -4.43676e-19 -1.1108e-18 9.41337e-19 1.58433e-19 1.10567e-20 9.6151e-20 -7.39861e-20 -5.71419e-20 -2.68948e-20 -6.51718e-20 -5.18975e-20 -6.12001e-20 -6.16381e-20 -6.09816e-20 -6.91729e-20 -7.28265e-20 -9.25051e-20 -9.14467e-20 -1.0568e-19 -1.65631e-19 -9.3165e-18 -8.25202e-18 -1.281e-18 -1.0629e-17 -7.98395e-18 
g9_wire_17_017  1.72075e-18 -3.13979e-18 3.77666e-18 1.27732e-18 -3.54801e-17 2.20885e-17 -3.67715e-17 -1.60592e-16 4.76688e-16 -1.74206e-16 -2.83196e-17 2.03383e-17 -3.33473e-17 3.25252e-19 2.51117e-18 -2.63039e-18 1.0911e-18 -2.25572e-19 -4.2865e-19 -1.40507e-20 -3.5798e-19 -1.94558e-19 -7.26335e-20 -5.0805e-19 -3.99074e-19 -1.06159e-18 9.70671e-19 1.17855e-19 -1.76255e-20 7.64345e-20 -8.46855e-20 -6.00365e-20 -2.12973e-20 -5.86108e-20 -4.89595e-20 -6.10752e-20 -6.4147e-20 -6.59123e-20 -7.40506e-20 -7.67993e-20 -9.4448e-20 -9.29368e-20 -1.05217e-19 -1.61238e-19 -9.71867e-18 -1.0124e-17 -7.82528e-19 -1.08332e-17 -8.59057e-18 
g10_wire_17_017  -4.11778e-19 8.99968e-19 -2.91833e-18 2.83244e-18 2.078e-18 -3.60137e-17 2.33877e-17 -3.52435e-17 -1.67615e-16 4.81774e-16 -1.72841e-16 -2.86967e-17 2.3789e-17 -4.11376e-17 1.4681e-18 2.24973e-18 -2.96817e-18 1.81454e-18 -3.68711e-20 4.3299e-20 2.9582e-19 -1.61198e-19 4.35242e-19 -1.05714e-18 -5.68064e-19 -9.40127e-19 7.066e-19 6.88176e-20 -3.76223e-20 3.51624e-20 -9.0099e-20 -7.66454e-20 -3.43925e-20 -6.7361e-20 -5.95338e-20 -7.1565e-20 -7.66288e-20 -7.82284e-20 -8.29735e-20 -8.08365e-20 -9.71301e-20 -9.26591e-20 -1.06166e-19 -1.7625e-19 -9.10579e-18 -8.65401e-18 1.2815e-19 -1.10491e-17 -8.81991e-18 
g11_wire_17_017  -5.01037e-19 -8.19859e-19 8.36529e-19 -2.36808e-18 3.45993e-18 2.80582e-18 -3.44632e-17 2.31e-17 -3.40493e-17 -1.69505e-16 4.80958e-16 -1.80334e-16 -3.0958e-17 1.88634e-17 -4.138e-17 6.64456e-19 1.90953e-18 -2.56815e-18 2.91409e-18 1.82554e-18 1.34482e-18 2.12643e-18 3.72253e-18 -4.31924e-18 -1.18703e-18 -1.12854e-18 2.16539e-19 1.96638e-19 1.49046e-20 3.19585e-20 -5.01629e-20 -8.25604e-20 -4.53861e-20 -9.0039e-20 -8.62031e-20 -9.60911e-20 -1.07208e-19 -1.05543e-19 -1.07507e-19 -9.97712e-20 -1.1581e-19 -1.04822e-19 -1.21614e-19 -2.16686e-19 -1.2735e-17 -7.3079e-18 5.71878e-18 -2.58384e-18 -8.42143e-18 
g12_wire_17_017  1.11129e-18 -2.32019e-18 -8.41449e-19 6.13175e-19 -3.33804e-18 3.94305e-18 1.5896e-18 -3.76648e-17 2.82523e-17 -3.72719e-17 -1.67096e-16 4.84232e-16 -1.76104e-16 -3.02387e-17 2.71448e-17 -3.6365e-17 3.88273e-18 4.17395e-18 -3.14174e-18 -5.57509e-20 -1.65108e-18 -2.55187e-18 -4.38063e-18 3.68038e-18 7.73835e-19 7.31524e-19 -4.11653e-19 -3.4093e-19 -1.27608e-19 -1.32448e-19 -8.44299e-20 -8.21344e-20 -8.35559e-20 -8.09163e-20 -6.40078e-20 -8.07101e-20 -7.45192e-20 -6.18859e-20 -4.12354e-20 -1.59688e-20 -1.45385e-20 4.85874e-22 -8.87237e-21 -8.85453e-20 -1.20215e-17 -9.78563e-18 4.80102e-19 -7.87788e-18 -1.62782e-17 
g13_wire_17_017  -4.89821e-18 1.01921e-18 -1.08495e-18 -1.20928e-18 1.04481e-18 -2.71089e-18 4.5846e-18 2.98492e-18 -3.74342e-17 2.38135e-17 -3.85093e-17 -1.65657e-16 4.87634e-16 -1.79977e-16 -2.9296e-17 2.51359e-17 -3.69296e-17 3.33862e-18 3.58813e-18 -2.36543e-18 1.02097e-18 -1.07895e-18 -2.64225e-18 2.58441e-18 3.52303e-19 1.01587e-18 -1.09269e-18 -3.89035e-19 -1.22278e-19 -1.93294e-19 -5.2529e-20 -7.2997e-20 -8.33722e-20 -6.50953e-20 -3.61485e-20 -5.09935e-20 -4.11186e-20 -3.03021e-20 -1.96081e-20 -2.29787e-21 -1.03325e-20 1.98153e-21 -1.24109e-20 -1.01343e-19 -9.74675e-18 -6.99572e-18 -5.92396e-18 -2.19409e-17 1.25703e-18 
g14_wire_17_017  4.23859e-19 -1.34051e-19 1.21218e-18 1.664e-18 1.63476e-18 2.35353e-18 -2.3441e-18 1.89402e-18 -6.72367e-21 -3.79809e-17 1.57112e-17 -3.3251e-17 -1.71313e-16 4.81627e-16 -1.74505e-16 -2.80266e-17 2.57889e-17 -3.73087e-17 3.15004e-18 2.60558e-18 -2.77279e-18 1.45118e-18 -1.86246e-18 2.14429e-18 9.85002e-19 1.31901e-18 -1.7975e-18 -5.00488e-19 -2.70274e-19 -3.40745e-19 -6.82001e-20 -9.05663e-20 -1.06233e-19 -7.64446e-20 -5.37053e-20 -8.06086e-20 -6.5808e-20 -5.27321e-20 -4.42327e-20 -2.98779e-20 -5.00615e-20 -4.44449e-20 -7.0691e-20 -1.84044e-19 -1.76835e-17 -1.03635e-17 -1.72332e-18 3.01733e-18 -1.14896e-17 
g15_wire_17_017  -3.37158e-19 -2.77984e-19 -2.03418e-19 2.76981e-19 -7.83033e-20 1.30194e-19 1.28188e-18 -3.12454e-18 3.36366e-18 2.98395e-19 -3.91124e-17 2.51784e-17 -3.66767e-17 -1.59731e-16 4.76946e-16 -1.74761e-16 -3.03338e-17 2.5273e-17 -3.78868e-17 2.65631e-18 3.15909e-18 -3.41162e-18 -3.60332e-19 2.48575e-18 4.00499e-19 1.60404e-18 -2.50623e-18 -1.02596e-18 -6.00592e-19 -7.37901e-19 -3.29534e-19 -2.81756e-19 -1.50386e-19 -3.67143e-20 -2.8633e-20 -7.4426e-21 3.93908e-20 6.42673e-20 1.07362e-19 1.32409e-19 1.10406e-19 9.03361e-20 5.33236e-20 -8.79086e-20 -8.81281e-18 -6.10963e-18 -5.86879e-18 -8.80601e-18 -1.11224e-17 
g16_wire_17_017  -7.42884e-19 -2.28081e-20 -2.07338e-19 -3.45103e-19 1.65473e-20 -4.66996e-19 -1.40288e-19 1.17205e-18 -3.07794e-18 3.19424e-18 -8.67026e-20 -3.42513e-17 2.41139e-17 -3.53954e-17 -1.66409e-16 4.78687e-16 -1.75751e-16 -3.31191e-17 2.40914e-17 -3.49864e-17 1.39414e-18 3.63479e-18 -2.77231e-18 2.91775e-18 5.95765e-19 1.11528e-18 -1.92645e-18 -1.08661e-18 -6.10421e-19 -5.96429e-19 -2.73952e-19 -1.57889e-19 -5.52766e-20 -3.73484e-20 -5.11231e-20 -7.73645e-20 -4.72619e-20 -1.7979e-20 7.34041e-21 3.21081e-20 9.40701e-21 1.12811e-21 -3.28124e-20 -1.6653e-19 -1.03236e-17 -6.26241e-18 -3.26085e-18 -7.96696e-18 -9.44381e-18 
g17_wire_17_017  -9.01694e-20 -2.84917e-19 -8.72495e-20 -1.36959e-19 -3.82975e-19 -1.97554e-19 -6.00973e-19 -4.67621e-19 1.23632e-18 -2.46329e-18 2.70995e-18 3.10334e-18 -3.61313e-17 2.15488e-17 -3.3987e-17 -1.69627e-16 4.80231e-16 -1.72031e-16 -3.1026e-17 1.82153e-17 -3.52211e-17 2.87035e-18 3.942e-18 -2.0394e-18 1.84938e-18 9.69024e-19 -2.64672e-18 -1.01335e-18 -1.17065e-18 -1.04716e-18 -5.57925e-19 -4.99e-19 -2.21089e-19 4.34192e-20 8.60909e-20 4.23602e-20 9.61154e-20 1.20906e-19 1.62587e-19 1.90552e-19 1.57145e-19 1.14196e-19 5.97164e-20 -1.0983e-19 -8.54092e-18 -5.14377e-18 -2.25165e-18 -6.7849e-18 -1.09099e-17 
g18_wire_17_017  -3.45629e-19 -1.43695e-19 -2.45584e-19 -3.20829e-19 -4.3732e-19 -6.54304e-19 -3.17679e-19 -4.61674e-19 1.76421e-20 1.64422e-18 -1.35533e-18 3.32822e-18 2.76421e-18 -3.53897e-17 2.29825e-17 -3.33956e-17 -1.73019e-16 4.80669e-16 -1.77198e-16 -2.95737e-17 2.60928e-17 -3.94416e-17 3.01388e-18 4.6465e-19 -4.4968e-18 1.187e-18 -4.37748e-18 -2.77831e-18 -1.94685e-18 -2.3597e-18 -1.59634e-18 -1.34342e-18 -2.78636e-19 1.00787e-19 2.71797e-19 5.51698e-19 6.84217e-19 7.46874e-19 9.18322e-19 9.67635e-19 8.95949e-19 7.20372e-19 5.96017e-19 2.80296e-19 -1.30291e-17 -7.17596e-18 1.65902e-18 1.42703e-18 -4.66202e-18 
g19_wire_17_017  -2.7539e-19 -1.42114e-19 -2.29283e-19 -3.81316e-19 -3.63585e-19 -4.70513e-19 -6.05931e-19 9.19892e-20 -2.93085e-19 5.0599e-19 3.64459e-18 -3.81962e-18 3.5193e-18 1.52239e-18 -3.65243e-17 2.23706e-17 -3.43231e-17 -1.70691e-16 4.82151e-16 -1.72402e-16 -3.19582e-17 2.87033e-17 -3.25276e-17 1.28784e-18 5.13936e-18 8.65026e-19 2.84849e-19 8.52824e-19 9.87142e-19 1.21912e-18 1.01253e-18 1.02812e-18 4.68849e-19 -5.67241e-19 -6.72766e-19 -7.52761e-19 -9.17113e-19 -8.87722e-19 -9.95943e-19 -1.00805e-18 -9.86667e-19 -8.2026e-19 -7.62698e-19 -7.38595e-19 -1.04332e-17 -8.85402e-18 -7.19598e-18 -1.82061e-17 -1.34638e-17 
g20_wire_17_017  -2.20312e-19 -1.65265e-19 -1.81115e-19 -2.80165e-19 -3.23955e-19 -3.41961e-19 -4.32571e-19 -1.55958e-19 2.79855e-20 2.09495e-19 2.58052e-18 -6.64848e-19 -3.26212e-18 3.47513e-18 1.45765e-18 -3.78008e-17 2.7448e-17 -3.65236e-17 -1.68529e-16 4.82362e-16 -1.7065e-16 -3.14115e-17 2.85881e-17 -4.13275e-17 2.1193e-18 4.97292e-18 -4.67117e-18 1.55174e-18 1.47885e-19 -2.79011e-21 6.4756e-19 1.42963e-19 4.32868e-19 -4.41004e-19 -6.56953e-19 -3.51371e-19 -3.81016e-19 -3.50191e-19 -3.65794e-19 -3.71007e-19 -3.95117e-19 -3.41575e-19 -3.44111e-19 -4.49802e-19 -1.76462e-17 -1.2114e-17 -1.22882e-18 -5.1298e-18 -1.08961e-17 
g21_wire_17_017  -2.93724e-19 -1.41901e-19 -1.47373e-19 -1.75422e-19 -1.58256e-19 -2.29832e-19 -2.04588e-19 -2.14706e-20 -3.5159e-19 3.22594e-19 1.37611e-18 -1.64033e-18 1.28119e-18 -2.52355e-18 3.4657e-18 3.39063e-18 -3.74224e-17 2.43252e-17 -3.22324e-17 -1.70644e-16 4.81998e-16 -1.78618e-16 -3.12203e-17 2.12432e-17 -4.06349e-17 2.24817e-18 -1.81294e-20 -2.88208e-18 2.46425e-18 1.10113e-18 1.30182e-18 1.53223e-18 2.40382e-18 -1.24437e-18 -1.80017e-18 -5.96436e-19 -5.52067e-19 -2.52414e-19 -1.44537e-19 -1.89622e-19 -2.31685e-19 -2.2276e-19 -2.66855e-19 -4.31854e-19 -1.23281e-17 -5.36836e-18 6.4551e-19 -1.56762e-18 -1.31549e-17 
g22_wire_17_017  -3.12731e-19 -2.0084e-19 -1.94328e-19 -2.01281e-19 -1.24289e-19 -1.22567e-19 -1.64108e-19 1.11846e-19 -1.84435e-19 -1.06995e-19 1.5969e-18 -2.32133e-18 -6.91198e-19 1.07415e-18 -2.91095e-18 3.81229e-18 2.11099e-18 -3.80739e-17 2.45079e-17 -3.16324e-17 -1.73705e-16 4.88509e-16 -1.73603e-16 -3.34613e-17 2.69651e-17 -3.531e-17 2.56307e-18 3.92469e-18 -1.92566e-18 9.16265e-19 -8.63169e-19 -1.04479e-18 -1.79674e-18 -5.45427e-19 1.00535e-18 4.79149e-20 -6.24953e-20 -1.58059e-19 -3.3168e-19 -3.24932e-19 -3.63062e-19 -3.39685e-19 -3.39911e-19 -4.30734e-19 -1.36581e-17 -1.0591e-17 -4.01175e-18 -1.72362e-17 -1.93754e-18 
g23_wire_17_017  -3.47473e-19 -2.98114e-19 -3.36078e-19 -4.09031e-19 -3.06703e-19 -2.71659e-19 -2.83352e-19 2.57883e-19 -8.14944e-20 4.67644e-19 3.03572e-18 -4.07531e-18 -2.12603e-18 -1.21431e-18 -1.13533e-19 -2.7983e-18 4.35779e-18 1.6532e-18 -3.31812e-17 2.51214e-17 -3.41335e-17 -1.66573e-16 4.87001e-16 -1.78355e-16 -3.0191e-17 2.73345e-17 -3.6361e-17 2.50858e-18 3.36345e-18 -2.96333e-18 1.03478e-18 -1.05586e-18 -2.6914e-18 1.38887e-18 6.87063e-19 -1.13341e-20 1.54442e-19 -1.73266e-19 -1.72428e-19 -1.60215e-19 -2.20261e-19 -1.88026e-19 -2.12986e-19 -2.86947e-19 -1.43603e-17 -1.08682e-17 -3.26208e-18 -8.96729e-18 -1.64729e-17 
g24_wire_17_017  -4.4897e-19 -2.64493e-19 -2.55888e-19 -2.20538e-19 -2.23151e-19 -1.66932e-19 -1.11783e-19 -7.39947e-19 -4.66822e-19 -1.09736e-18 -3.8505e-18 3.46368e-18 1.81157e-18 1.38433e-18 1.79338e-18 2.69488e-18 -2.75666e-18 1.06372e-18 2.21912e-18 -3.90942e-17 1.78982e-17 -3.55006e-17 -1.7141e-16 4.83803e-16 -1.7287e-16 -2.77274e-17 1.97542e-17 -3.46527e-17 3.81996e-18 2.66633e-18 -2.28504e-18 1.11593e-18 -1.99207e-18 7.30635e-19 1.16102e-18 -2.10952e-19 6.30369e-20 -4.00155e-20 -1.61218e-19 -9.82446e-20 -1.37841e-19 -1.41158e-19 -1.79878e-19 -2.9024e-19 -1.00103e-17 -6.29152e-18 -3.4356e-18 -8.06843e-18 -1.03498e-17 
g25_wire_17_017  -4.3582e-19 -3.12852e-19 -3.5152e-19 -3.97194e-19 -3.63879e-19 -3.06126e-19 -2.74744e-19 -3.83112e-19 -3.17351e-19 -5.20425e-19 -1.11611e-18 6.59673e-19 1.04273e-19 5.54093e-19 4.74175e-20 4.30724e-19 1.47766e-18 -4.73886e-18 5.40015e-18 2.29382e-18 -3.955e-17 2.59193e-17 -3.33793e-17 -1.67607e-16 4.81342e-16 -1.74091e-16 -2.91651e-17 2.32852e-17 -3.49056e-17 1.54758e-18 2.64362e-18 -2.42991e-18 -2.55851e-19 7.44231e-19 1.06744e-18 2.28877e-19 -1.98163e-19 -1.95201e-19 -2.80905e-19 -2.88907e-19 -2.48771e-19 -1.91383e-19 -2.02129e-19 -2.75457e-19 -1.24561e-17 -9.73088e-18 -4.45991e-18 -1.03895e-17 -1.05533e-17 
g26_wire_17_017  -6.79899e-19 -6.35773e-19 -8.89008e-19 -1.17957e-18 -1.17528e-18 -9.95949e-19 -8.61354e-19 -8.90299e-19 -7.68725e-19 -7.61917e-19 -8.90396e-19 4.77209e-19 5.68973e-19 1.12043e-18 1.15834e-18 1.01148e-18 1.22423e-18 7.12564e-19 7.87397e-19 5.38622e-18 1.96328e-18 -3.34816e-17 2.6652e-17 -3.51446e-17 -1.66261e-16 4.82527e-16 -1.77254e-16 -2.97554e-17 1.85067e-17 -3.60616e-17 3.20752e-18 2.77801e-18 -2.36441e-18 2.22638e-18 5.69408e-19 -2.20701e-19 -1.16766e-19 -6.18549e-19 -4.49927e-19 -3.33203e-19 -3.41368e-19 -2.00663e-19 -1.66917e-19 -2.76359e-19 -1.41143e-17 -9.99012e-18 -4.21004e-18 -1.06902e-17 -1.50268e-17 
g27_wire_17_017  1.89899e-19 4.69586e-19 8.30288e-19 1.20405e-18 1.23472e-18 9.82982e-19 7.81092e-19 6.44359e-19 5.7409e-19 4.57842e-19 -3.09808e-20 -1.257e-19 -7.21496e-19 -1.67716e-18 -2.11308e-18 -1.91102e-18 -2.73219e-18 -3.77371e-18 6.05551e-19 -4.87238e-18 1.45325e-18 9.12278e-19 -3.98438e-17 2.90149e-17 -3.72425e-17 -1.72425e-16 4.81884e-16 -1.776e-16 -2.83244e-17 2.38607e-17 -3.78441e-17 3.78934e-18 2.59892e-18 -1.52857e-18 1.92065e-18 -2.54638e-19 -4.08096e-19 -2.60678e-19 -6.67922e-19 -4.10694e-19 -3.139e-19 -2.25597e-19 -1.42868e-19 -3.17694e-19 -1.16753e-17 -6.15896e-18 1.95375e-18 2.95438e-20 -4.64348e-18 
g28_wire_17_017  -1.03415e-19 5.91783e-20 1.6535e-19 2.66513e-19 2.87468e-19 1.99276e-19 1.32478e-19 1.36353e-19 7.27601e-20 8.97985e-20 1.95903e-19 -3.34185e-19 -3.50555e-19 -5.76093e-19 -9.8974e-19 -1.07899e-18 -1.04009e-18 -2.69062e-18 1.12962e-18 1.82509e-18 -2.28115e-18 4.27631e-18 2.58526e-18 -3.81521e-17 2.41993e-17 -3.75975e-17 -1.66936e-16 4.77689e-16 -1.76516e-16 -2.85253e-17 2.3396e-17 -3.45658e-17 3.89603e-18 2.60117e-18 -2.6473e-18 1.53329e-18 -4.30572e-19 -5.4162e-19 -2.98129e-19 -6.72142e-19 -4.31705e-19 -2.64827e-19 -2.88579e-19 -3.56672e-19 -8.48723e-18 -6.33273e-18 -2.62212e-18 -8.41287e-18 -9.95497e-18 
g29_wire_17_017  -1.59013e-19 -2.60253e-20 1.97782e-20 5.43993e-20 6.44907e-20 2.01346e-20 -1.43499e-20 -2.03578e-20 -5.1934e-20 -3.12827e-20 2.66008e-20 -1.30717e-19 -1.15878e-19 -2.74748e-19 -6.25444e-19 -6.20089e-19 -1.08796e-18 -2.23977e-18 1.46328e-18 8.42913e-19 3.09431e-18 -2.9223e-18 4.08167e-18 4.86841e-19 -3.79198e-17 2.80219e-17 -3.92133e-17 -1.61564e-16 4.75946e-16 -1.75145e-16 -2.7045e-17 1.96037e-17 -3.16973e-17 2.04435e-18 1.39305e-18 -2.69062e-18 8.83777e-19 -5.82462e-19 -3.81648e-19 -9.95286e-21 -3.66174e-19 -1.13476e-19 -3.13326e-20 -5.16075e-19 -7.77545e-18 -6.49315e-18 -5.20537e-18 -1.27876e-17 -1.03612e-17 
g30_wire_17_017  -1.11539e-19 1.74149e-20 8.918e-20 1.52588e-19 1.64735e-19 1.05844e-19 5.9864e-20 5.11776e-20 2.46199e-20 3.91281e-20 4.26504e-20 -7.27037e-20 -1.12409e-19 -3.14208e-19 -7.08146e-19 -6.40292e-19 -1.07643e-18 -2.49567e-18 1.49352e-18 1.95837e-19 1.99692e-18 5.51611e-19 -3.44764e-18 4.34901e-18 2.29232e-18 -3.81944e-17 2.40651e-17 -3.58103e-17 -1.66061e-16 4.80445e-16 -1.7626e-16 -2.44224e-17 1.90168e-17 -3.52088e-17 8.73935e-19 2.24772e-18 -2.47013e-18 1.3494e-18 -2.13538e-19 -2.0202e-19 -4.12652e-20 -3.78013e-19 -2.48127e-19 -5.83577e-19 -1.71864e-17 -1.1118e-17 2.94287e-19 -4.68681e-18 -7.72158e-18 
g31_wire_17_017  -1.74789e-19 -6.05015e-20 -3.78161e-20 -2.90757e-20 -1.93751e-20 -4.46009e-20 -6.2397e-20 -6.85282e-20 -8.18131e-20 -6.26422e-20 -2.40256e-20 -8.72471e-20 -4.65137e-20 -6.8093e-20 -3.22037e-19 -2.92723e-19 -5.35403e-19 -1.65094e-18 1.13072e-18 7.27705e-19 1.46176e-18 -6.77378e-19 1.01475e-18 -2.91946e-18 3.83636e-18 1.65119e-18 -3.43169e-17 2.25837e-17 -3.54329e-17 -1.66438e-16 4.79194e-16 -1.75301e-16 -2.59597e-17 1.58628e-17 -3.75273e-17 1.94443e-18 2.1252e-18 -1.85992e-18 1.77114e-18 1.22314e-19 3.01685e-20 1.39699e-19 -3.06345e-19 -7.33238e-19 -1.20895e-17 -7.89101e-18 -2.1978e-18 -5.94154e-18 -9.53146e-18 
g32_wire_17_017  -2.08034e-19 -6.62983e-20 -3.48564e-20 -1.99652e-20 -7.14126e-21 -3.69796e-20 -6.00369e-20 -7.26849e-20 -7.98323e-20 -7.33275e-20 -7.42008e-20 -8.89557e-20 -6.85805e-20 -8.15632e-20 -2.60133e-19 -2.06412e-19 -5.12766e-19 -1.44782e-18 1.04533e-18 1.7418e-19 1.4626e-18 -1.05174e-18 -6.41e-19 9.328e-19 -3.26795e-18 4.79805e-18 8.87147e-19 -3.68739e-17 2.97872e-17 -4.04211e-17 -1.61723e-16 4.80829e-16 -1.77378e-16 -3.55088e-17 1.89557e-17 -4.1068e-17 4.04421e-19 2.31574e-18 -1.16157e-18 3.32909e-18 1.59283e-18 1.23229e-18 1.48943e-18 -1.1201e-18 -1.05572e-17 -2.97434e-18 1.58368e-18 -6.61746e-18 -1.11955e-17 
g33_wire_17_017  -9.57094e-20 -4.41207e-20 -3.35792e-20 -2.34348e-20 -4.68411e-21 9.42171e-22 9.28789e-21 1.05726e-20 3.98454e-22 6.13566e-21 -2.98878e-20 -8.82045e-20 -1.05487e-19 -1.38667e-19 -1.31546e-19 -1.05134e-19 -1.7787e-19 -1.05626e-19 2.87105e-19 2.91025e-19 1.97504e-18 -1.61353e-18 -2.54618e-18 -9.40032e-19 4.5397e-19 -4.14959e-18 5.12681e-18 2.84923e-18 -3.96851e-17 3.28992e-17 -3.91217e-17 -1.74189e-16 4.89011e-16 -1.7853e-16 -2.81752e-17 2.8473e-17 -3.65278e-17 4.7561e-18 2.81944e-18 -3.00554e-18 1.49192e-20 -1.79963e-18 -2.36633e-18 -3.46474e-19 -1.63738e-17 -7.50983e-18 1.8995e-18 -1.53007e-17 -1.11422e-17 
g34_wire_17_017  -1.74774e-19 -9.42708e-20 -8.61161e-20 -8.67045e-20 -8.03746e-20 -9.43432e-20 -1.0211e-19 -1.15103e-19 -1.13838e-19 -1.02048e-19 -1.27549e-19 -7.40507e-20 -9.20816e-20 -8.61615e-20 5.35664e-20 -4.3422e-21 1.18784e-19 5.01862e-19 -9.77377e-19 -5.96371e-19 -1.51085e-18 -3.7409e-19 1.02157e-18 2.19719e-19 8.93779e-19 2.1309e-18 -2.36868e-18 4.14682e-18 7.63479e-19 -4.26703e-17 2.56849e-17 -4.03741e-17 -1.72533e-16 4.95849e-16 -1.79619e-16 -3.05283e-17 2.60113e-17 -3.57048e-17 2.90458e-18 2.89052e-18 -2.58843e-18 8.44623e-19 -1.25307e-18 -5.53119e-19 2.55276e-18 -1.33634e-17 -2.19568e-17 3.6702e-18 -9.48842e-18 
g35_wire_17_017  -1.71767e-19 -1.04259e-19 -9.60229e-20 -9.25091e-20 -8.17472e-20 -8.7595e-20 -8.76288e-20 -9.12408e-20 -8.63265e-20 -7.40982e-20 -1.0196e-19 -5.50438e-20 -8.84849e-20 -9.23254e-20 3.39634e-20 -1.22886e-20 1.35501e-19 6.15915e-19 -9.85489e-19 -6.82275e-19 -1.66067e-18 7.96695e-19 3.84851e-19 5.59931e-19 3.50699e-19 6.74227e-19 1.69656e-18 -2.57269e-18 3.3534e-18 1.11284e-18 -3.97679e-17 1.80456e-17 -3.12436e-17 -1.71797e-16 4.82959e-16 -1.73497e-16 -2.84694e-17 1.95808e-17 -3.35866e-17 2.62948e-18 2.83445e-18 -2.28584e-18 9.11293e-19 -7.36776e-19 -1.80338e-17 -8.42263e-18 5.30005e-18 -8.21819e-18 -7.08553e-18 
g36_wire_17_017  -1.67911e-19 -1.0342e-19 -9.4041e-20 -8.72599e-20 -7.13683e-20 -7.09387e-20 -6.68742e-20 -6.95252e-20 -6.83123e-20 -6.0038e-20 -9.18046e-20 -4.48096e-20 -8.4024e-20 -1.09431e-19 2.38635e-20 -4.09652e-20 8.6022e-20 7.28107e-19 -8.88132e-19 -3.73455e-19 -6.00091e-19 1.85152e-20 -1.04523e-19 -2.812e-19 7.78439e-20 -5.49201e-19 9.44537e-20 1.36879e-18 -3.71301e-18 4.47227e-18 -2.7131e-19 -3.86961e-17 2.61866e-17 -3.43201e-17 -1.67299e-16 4.81216e-16 -1.76971e-16 -2.59919e-17 1.65753e-17 -3.34414e-17 1.89139e-18 2.58825e-18 -2.30153e-18 1.11653e-18 -1.25722e-17 -8.10151e-18 -7.68303e-19 -7.19861e-18 -8.62867e-18 
g37_wire_17_017  -1.73283e-19 -1.00615e-19 -9.04366e-20 -8.40125e-20 -6.66337e-20 -6.56234e-20 -6.18346e-20 -6.61847e-20 -6.68825e-20 -6.25881e-20 -9.41001e-20 -4.88005e-20 -7.82825e-20 -9.81169e-20 3.57586e-20 -2.37e-20 9.27424e-20 6.69581e-19 -8.46443e-19 -3.42354e-19 -5.16945e-19 -1.33038e-19 2.73292e-20 -1.3073e-19 -2.87272e-19 -9.12346e-21 -4.71573e-19 -1.51536e-19 1.0018e-18 -3.47296e-18 3.56043e-18 2.56943e-19 -3.44187e-17 2.52066e-17 -3.64684e-17 -1.67483e-16 4.78372e-16 -1.77194e-16 -2.66427e-17 1.70383e-17 -3.50877e-17 3.02508e-18 2.9121e-18 -8.49234e-19 -1.18843e-17 -7.55469e-18 -1.33267e-18 -3.65174e-18 -8.22552e-18 
g38_wire_17_017  -1.78379e-19 -1.03954e-19 -9.36247e-20 -8.69415e-20 -6.77097e-20 -6.45501e-20 -5.943e-20 -6.4659e-20 -6.93788e-20 -6.77792e-20 -1.0091e-19 -4.95593e-20 -7.7295e-20 -9.50141e-20 5.52882e-20 -5.29994e-21 1.27948e-19 7.93991e-19 -9.12474e-19 -3.52368e-19 -2.99063e-19 -1.63781e-19 -1.94767e-19 -1.50334e-19 -3.34005e-19 -5.7414e-19 -2.63454e-19 -6.31533e-19 5.84319e-20 1.46376e-18 -3.14927e-18 3.82636e-18 2.05621e-18 -3.90593e-17 2.94251e-17 -4.11133e-17 -1.63515e-16 4.76408e-16 -1.73691e-16 -2.93308e-17 2.31013e-17 -3.68815e-17 2.92503e-18 2.18261e-18 -1.02448e-17 -5.93259e-18 -5.43607e-19 -8.52672e-18 -9.77212e-18 
g39_wire_17_017  -1.66586e-19 -1.048e-19 -9.61608e-20 -8.94514e-20 -6.89463e-20 -5.92833e-20 -4.75226e-20 -4.65971e-20 -4.62638e-20 -4.05622e-20 -7.46289e-20 -2.344e-20 -5.85352e-20 -8.21573e-20 7.54781e-20 1.86827e-21 1.5925e-19 9.85198e-19 -9.9422e-19 -3.00052e-19 -9.38127e-20 -2.90429e-19 -1.51875e-19 -1.9354e-19 -3.00204e-19 -4.50287e-19 -5.74726e-19 -3.04766e-19 -5.47093e-19 1.64158e-19 1.73864e-18 -1.76747e-18 3.92976e-18 2.72171e-18 -4.02211e-17 3.05306e-17 -3.92223e-17 -1.70175e-16 4.77738e-16 -1.73253e-16 -3.03301e-17 2.55717e-17 -3.62143e-17 3.78896e-18 -8.53482e-18 -6.83806e-18 -3.72206e-18 -9.81078e-18 -7.66241e-18 
g40_wire_17_017  -1.16549e-19 -5.46413e-20 -5.18234e-20 -5.97984e-20 -5.88682e-20 -6.95863e-20 -7.75514e-20 -9.07531e-20 -9.53403e-20 -8.20979e-20 -1.00352e-19 -1.51642e-21 -1.10253e-20 -6.62751e-21 1.68733e-19 6.5891e-20 2.26264e-19 1.14004e-18 -1.14646e-18 -3.71989e-19 -1.91137e-19 -3.4495e-19 -1.74073e-19 -1.48948e-19 -3.28745e-19 -3.28401e-19 -4.30796e-19 -5.86255e-19 1.07151e-19 -4.68417e-19 6.74533e-19 3.58711e-18 -4.26668e-18 3.93246e-18 1.43304e-18 -4.03068e-17 2.73831e-17 -3.32504e-17 -1.68333e-16 4.79762e-16 -1.74063e-16 -3.01374e-17 2.44877e-17 -3.36678e-17 -7.00015e-18 -7.15859e-18 -5.5789e-18 -1.12681e-17 -7.84587e-18 
g41_wire_17_017  -1.69872e-19 -7.08871e-20 -6.06465e-20 -6.54581e-20 -6.04104e-20 -7.57909e-20 -8.523e-20 -9.68185e-20 -9.80188e-20 -8.40495e-20 -1.02345e-19 2.62119e-21 -1.28751e-20 -2.18e-20 1.28397e-19 2.87145e-20 1.55677e-19 9.37852e-19 -1.03533e-18 -3.63677e-19 -2.0739e-19 -3.21837e-19 -1.83656e-19 -1.07269e-19 -2.14063e-19 -3.00212e-19 -3.22038e-19 -4.68835e-19 -3.05854e-19 -1.40021e-19 -1.49813e-19 1.76313e-18 2.56923e-20 -3.06111e-18 4.55486e-18 1.75644e-18 -3.68049e-17 2.2742e-17 -3.35959e-17 -1.66518e-16 4.76287e-16 -1.74165e-16 -3.25391e-17 1.5446e-18 -1.40733e-17 -9.99904e-18 -9.06634e-19 -3.85825e-18 -7.40889e-18 
g42_wire_17_017  -1.91417e-19 -8.12908e-20 -6.46944e-20 -6.14832e-20 -4.94666e-20 -6.4023e-20 -7.46145e-20 -8.66835e-20 -8.84789e-20 -7.83835e-20 -9.62565e-20 -1.22865e-20 -2.49048e-20 -3.16782e-20 9.70461e-20 2.08468e-20 1.1468e-19 7.18236e-19 -8.38583e-19 -3.23722e-19 -2.17581e-19 -3.19377e-19 -1.73505e-19 -1.08421e-19 -1.41443e-19 -1.55025e-19 -2.5944e-19 -2.99502e-19 -1.61987e-19 -4.99016e-19 1.21931e-19 9.39795e-19 -1.27267e-18 1.05448e-18 -3.07747e-18 4.66106e-18 1.06796e-18 -3.49251e-17 2.28283e-17 -3.305e-17 -1.68349e-16 4.75383e-16 -1.75735e-16 -3.28884e-17 -9.41138e-18 -6.02429e-18 -1.08466e-18 -4.99779e-18 -8.49883e-18 
g43_wire_17_017  -2.58271e-19 -1.05802e-19 -8.65164e-20 -8.3062e-20 -6.36532e-20 -8.06928e-20 -9.26521e-20 -1.03976e-19 -1.0262e-19 -9.16483e-20 -1.10267e-19 -2.50586e-20 -3.88187e-20 -5.54564e-20 5.32064e-20 -2.07711e-20 4.50079e-20 5.31136e-19 -7.29009e-19 -3.0709e-19 -2.46392e-19 -3.24564e-19 -2.11703e-19 -1.40579e-19 -1.35561e-19 -9.25677e-20 -1.7449e-19 -3.12574e-19 -6.86277e-20 -4.22977e-19 -3.4164e-19 1.21884e-18 -2.23672e-18 -7.55667e-19 1.1152e-18 -3.20249e-18 4.30145e-18 2.36776e-18 -3.46841e-17 2.35809e-17 -3.97508e-17 -1.66785e-16 4.70196e-16 -1.91957e-16 -8.48332e-18 -4.6551e-18 8.05509e-19 -2.28767e-18 -1.29525e-17 
g44_wire_17_017  -6.73527e-19 -3.19482e-19 -2.4321e-19 -1.95811e-19 -1.20776e-19 -1.28892e-19 -1.24133e-19 -1.26567e-19 -1.21191e-19 -1.22385e-19 -1.82502e-19 -1.20952e-19 -1.84051e-19 -2.68695e-19 -1.65293e-19 -2.07978e-19 -1.31719e-19 2.40479e-19 -6.82253e-19 -3.67988e-19 -3.60482e-19 -2.97801e-19 -2.27478e-19 -2.79928e-19 -3.1101e-19 -3.71046e-19 -4.74192e-19 -5.41121e-19 -6.52762e-19 -5.63922e-19 -6.8447e-19 -9.31692e-19 2.05129e-19 -6.50988e-19 -4.01813e-19 1.33204e-18 -2.88539e-18 2.158e-18 3.03255e-18 -3.54082e-17 7.81933e-18 -4.08557e-17 -1.86471e-16 3.67671e-16 -1.28485e-17 -4.51416e-18 -1.82782e-18 -1.05938e-17 -4.09886e-18 
g45_wire_17_017  -1.16787e-17 -7.43806e-18 -9.53657e-18 -1.16204e-17 -1.12165e-17 -1.06334e-17 -1.00466e-17 -9.65694e-18 -9.93799e-18 -9.88223e-18 -8.47717e-18 -1.35401e-17 -1.38343e-17 -1.0557e-17 -1.10755e-17 -1.16277e-17 -1.0993e-17 -7.06183e-18 -1.66373e-17 -1.30966e-17 -1.10528e-17 -1.52223e-17 -1.41131e-17 -1.28406e-17 -1.43519e-17 -1.78003e-17 -6.2239e-18 -1.16736e-17 -1.12683e-17 -1.23574e-17 -1.14311e-17 -9.81748e-18 -1.77683e-17 -2.97324e-18 -1.42746e-17 -1.23016e-17 -1.12792e-17 -1.16648e-17 -1.11529e-17 -1.04196e-17 -1.08192e-17 -8.857e-18 -8.58548e-18 -1.31072e-17 1.90175e-15 -1.10085e-15 4.49002e-17 -4.48557e-17 -8.02586e-17 
g46_wire_17_017  -5.99679e-18 -3.12021e-18 -6.04333e-18 -1.10927e-17 -1.18927e-17 -9.80002e-18 -1.06854e-17 -1.30443e-17 -1.43486e-17 -1.6878e-17 -1.53967e-17 -1.56749e-17 -2.10722e-17 3.09221e-18 -5.78437e-18 -7.55006e-18 -5.98138e-18 -4.81116e-18 -1.1237e-17 -8.87199e-18 -5.95685e-18 -1.26808e-17 -1.09918e-17 -4.76491e-18 -7.9181e-18 -8.09072e-18 -7.41713e-18 -8.48647e-18 -7.58277e-18 -7.45364e-18 -8.24374e-18 -4.25076e-18 -7.76428e-18 -1.60515e-17 -3.41546e-18 -6.91344e-18 -7.96594e-18 -6.66097e-18 -8.15223e-18 -8.2915e-18 -7.96474e-18 -6.62772e-18 -6.08883e-18 -5.11167e-18 -1.06036e-15 4.01113e-15 -3.28953e-15 8.60506e-16 -3.05665e-17 
g47_wire_17_017  2.94922e-18 -3.19026e-18 -3.41291e-18 -2.71756e-18 -1.27032e-18 -2.3442e-19 3.34337e-18 6.25312e-18 8.24821e-18 1.05816e-17 8.33133e-18 1.10149e-17 1.33421e-17 -1.32858e-17 -3.82643e-18 -3.16363e-18 -4.17445e-18 -1.16451e-18 -2.23111e-18 -2.1353e-18 1.46094e-18 -5.46884e-18 -7.12116e-18 1.55368e-18 -2.54497e-18 -5.76565e-18 2.89851e-18 -1.29726e-18 -1.14525e-18 8.81641e-20 -2.16876e-18 2.98289e-18 1.0196e-18 -1.94245e-17 2.29021e-18 -2.20079e-18 -3.1804e-18 -7.33016e-19 -1.96694e-18 -1.7402e-18 -1.41716e-18 -6.54992e-19 9.61422e-19 -1.17075e-18 -5.02697e-17 -2.96464e-15 6.25907e-15 -3.25739e-15 -8.87589e-18 
g48_wire_17_017  -4.66627e-18 -5.05139e-18 -5.24764e-18 -6.25592e-18 -7.70603e-18 -8.15134e-18 -9.73993e-18 -1.11028e-17 -1.15093e-17 -1.37956e-17 -8.4907e-18 -1.20007e-17 -3.02244e-17 5.35198e-18 -4.82113e-18 -7.25098e-18 -4.45345e-18 -3.04111e-18 -1.16319e-17 -8.53176e-18 -8.05414e-18 -1.121e-17 -6.42934e-18 -8.96054e-18 -9.01378e-18 -9.41095e-18 -5.85507e-18 -7.53165e-18 -6.97389e-18 -9.64234e-18 -6.9039e-18 -6.84795e-18 -1.70655e-17 1.19196e-17 -1.0965e-17 -7.68017e-18 -5.67098e-18 -8.08834e-18 -7.43545e-18 -6.61937e-18 -7.51915e-18 -4.88359e-18 -1.67789e-18 -1.33084e-17 1.82101e-17 5.14748e-16 -3.00058e-15 4.00926e-15 -1.08365e-15 
g49_wire_17_017  -1.28925e-17 -6.93302e-18 -7.8264e-18 -8.94879e-18 -8.36258e-18 -8.70514e-18 -8.21392e-18 -8.21512e-18 -9.58358e-18 -8.01583e-18 -1.09289e-17 -1.60571e-17 4.76822e-18 -1.56517e-17 -1.01455e-17 -8.8973e-18 -1.02844e-17 -6.44126e-18 -1.34561e-17 -1.15712e-17 -1.26117e-17 -5.76876e-18 -1.40475e-17 -1.06629e-17 -1.09104e-17 -1.45834e-17 -5.98117e-18 -9.84759e-18 -9.88222e-18 -9.52406e-18 -1.01642e-17 -9.09623e-18 -1.01268e-17 -1.02833e-17 -8.98186e-18 -9.09741e-18 -9.63248e-18 -8.73566e-18 -8.67553e-18 -9.01151e-18 -8.41154e-18 -8.65765e-18 -1.33779e-17 -2.37465e-18 -7.87396e-17 -5.28745e-18 -6.15485e-17 -1.03752e-15 1.84705e-15 
Warning: capacitance matrix has a non-negative off-diagonal element at row 1 col 6
Warning: capacitance matrix has a non-negative off-diagonal element at row 1 col 7
Warning: capacitance matrix has a non-negative off-diagonal element at row 1 col 9
Warning: capacitance matrix has a non-negative off-diagonal element at row 1 col 12
Warning: capacitance matrix has a non-negative off-diagonal element at row 1 col 14
Warning: capacitance matrix has a non-negative off-diagonal element at row 1 col 27
Warning: capacitance matrix has a non-negative off-diagonal element at row 1 col 47
Warning: capacitance matrix has a non-negative off-diagonal element at row 2 col 5
Warning: capacitance matrix has a non-negative off-diagonal element at row 2 col 7
Warning: capacitance matrix has a non-negative off-diagonal element at row 2 col 8
Warning: capacitance matrix has a non-negative off-diagonal element at row 2 col 10
Warning: capacitance matrix has a non-negative off-diagonal element at row 2 col 13
Warning: capacitance matrix has a non-negative off-diagonal element at row 2 col 14
Warning: capacitance matrix has a non-negative off-diagonal element at row 2 col 16
Warning: capacitance matrix has a non-negative off-diagonal element at row 2 col 27
Warning: capacitance matrix has a non-negative off-diagonal element at row 2 col 28
Warning: capacitance matrix has a non-negative off-diagonal element at row 2 col 30
Warning: capacitance matrix has a non-negative off-diagonal element at row 3 col 6
Warning: capacitance matrix has a non-negative off-diagonal element at row 3 col 8
Warning: capacitance matrix has a non-negative off-diagonal element at row 3 col 9
Warning: capacitance matrix has a non-negative off-diagonal element at row 3 col 11
Warning: capacitance matrix has a non-negative off-diagonal element at row 3 col 14
Warning: capacitance matrix has a non-negative off-diagonal element at row 3 col 27
Warning: capacitance matrix has a non-negative off-diagonal element at row 3 col 28
Warning: capacitance matrix has a non-negative off-diagonal element at row 3 col 29
Warning: capacitance matrix has a non-negative off-diagonal element at row 3 col 30
Warning: capacitance matrix has a non-negative off-diagonal element at row 4 col 1
Warning: capacitance matrix has a non-negative off-diagonal element at row 4 col 7
Warning: capacitance matrix has a non-negative off-diagonal element at row 4 col 9
Warning: capacitance matrix has a non-negative off-diagonal element at row 4 col 10
Warning: capacitance matrix has a non-negative off-diagonal element at row 4 col 12
Warning: capacitance matrix has a non-negative off-diagonal element at row 4 col 14
Warning: capacitance matrix has a non-negative off-diagonal element at row 4 col 15
Warning: capacitance matrix has a non-negative off-diagonal element at row 4 col 27
Warning: capacitance matrix has a non-negative off-diagonal element at row 4 col 28
Warning: capacitance matrix has a non-negative off-diagonal element at row 4 col 29
Warning: capacitance matrix has a non-negative off-diagonal element at row 4 col 30
Warning: capacitance matrix has a non-negative off-diagonal element at row 4 col 32
Warning: capacitance matrix has a non-negative off-diagonal element at row 4 col 33
Warning: capacitance matrix has a non-negative off-diagonal element at row 5 col 2
Warning: capacitance matrix has a non-negative off-diagonal element at row 5 col 8
Warning: capacitance matrix has a non-negative off-diagonal element at row 5 col 10
Warning: capacitance matrix has a non-negative off-diagonal element at row 5 col 11
Warning: capacitance matrix has a non-negative off-diagonal element at row 5 col 13
Warning: capacitance matrix has a non-negative off-diagonal element at row 5 col 14
Warning: capacitance matrix has a non-negative off-diagonal element at row 5 col 27
Warning: capacitance matrix has a non-negative off-diagonal element at row 5 col 28
Warning: capacitance matrix has a non-negative off-diagonal element at row 5 col 29
Warning: capacitance matrix has a non-negative off-diagonal element at row 5 col 30
Warning: capacitance matrix has a non-negative off-diagonal element at row 6 col 1
Warning: capacitance matrix has a non-negative off-diagonal element at row 6 col 3
Warning: capacitance matrix has a non-negative off-diagonal element at row 6 col 9
Warning: capacitance matrix has a non-negative off-diagonal element at row 6 col 11
Warning: capacitance matrix has a non-negative off-diagonal element at row 6 col 12
Warning: capacitance matrix has a non-negative off-diagonal element at row 6 col 14
Warning: capacitance matrix has a non-negative off-diagonal element at row 6 col 27
Warning: capacitance matrix has a non-negative off-diagonal element at row 6 col 28
Warning: capacitance matrix has a non-negative off-diagonal element at row 6 col 30
Warning: capacitance matrix has a non-negative off-diagonal element at row 6 col 47
Warning: capacitance matrix has a non-negative off-diagonal element at row 7 col 1
Warning: capacitance matrix has a non-negative off-diagonal element at row 7 col 2
Warning: capacitance matrix has a non-negative off-diagonal element at row 7 col 4
Warning: capacitance matrix has a non-negative off-diagonal element at row 7 col 10
Warning: capacitance matrix has a non-negative off-diagonal element at row 7 col 12
Warning: capacitance matrix has a non-negative off-diagonal element at row 7 col 13
Warning: capacitance matrix has a non-negative off-diagonal element at row 7 col 15
Warning: capacitance matrix has a non-negative off-diagonal element at row 7 col 27
Warning: capacitance matrix has a non-negative off-diagonal element at row 7 col 28
Warning: capacitance matrix has a non-negative off-diagonal element at row 7 col 30
Warning: capacitance matrix has a non-negative off-diagonal element at row 8 col 2
Warning: capacitance matrix has a non-negative off-diagonal element at row 8 col 3
Warning: capacitance matrix has a non-negative off-diagonal element at row 8 col 5
Warning: capacitance matrix has a non-negative off-diagonal element at row 8 col 11
Warning: capacitance matrix has a non-negative off-diagonal element at row 8 col 13
Warning: capacitance matrix has a non-negative off-diagonal element at row 8 col 14
Warning: capacitance matrix has a non-negative off-diagonal element at row 8 col 16
Warning: capacitance matrix has a non-negative off-diagonal element at row 8 col 19
Warning: capacitance matrix has a non-negative off-diagonal element at row 8 col 22
Warning: capacitance matrix has a non-negative off-diagonal element at row 8 col 23
Warning: capacitance matrix has a non-negative off-diagonal element at row 8 col 27
Warning: capacitance matrix has a non-negative off-diagonal element at row 8 col 28
Warning: capacitance matrix has a non-negative off-diagonal element at row 8 col 29
Warning: capacitance matrix has a non-negative off-diagonal element at row 8 col 30
Warning: capacitance matrix has a non-negative off-diagonal element at row 9 col 1
Warning: capacitance matrix has a non-negative off-diagonal element at row 9 col 3
Warning: capacitance matrix has a non-negative off-diagonal element at row 9 col 4
Warning: capacitance matrix has a non-negative off-diagonal element at row 9 col 6
Warning: capacitance matrix has a non-negative off-diagonal element at row 9 col 12
Warning: capacitance matrix has a non-negative off-diagonal element at row 9 col 14
Warning: capacitance matrix has a non-negative off-diagonal element at row 9 col 15
Warning: capacitance matrix has a non-negative off-diagonal element at row 9 col 17
Warning: capacitance matrix has a non-negative off-diagonal element at row 9 col 27
Warning: capacitance matrix has a non-negative off-diagonal element at row 9 col 28
Warning: capacitance matrix has a non-negative off-diagonal element at row 9 col 30
Warning: capacitance matrix has a non-negative off-diagonal element at row 10 col 2
Warning: capacitance matrix has a non-negative off-diagonal element at row 10 col 4
Warning: capacitance matrix has a non-negative off-diagonal element at row 10 col 5
Warning: capacitance matrix has a non-negative off-diagonal element at row 10 col 7
Warning: capacitance matrix has a non-negative off-diagonal element at row 10 col 13
Warning: capacitance matrix has a non-negative off-diagonal element at row 10 col 15
Warning: capacitance matrix has a non-negative off-diagonal element at row 10 col 16
Warning: capacitance matrix has a non-negative off-diagonal element at row 10 col 18
Warning: capacitance matrix has a non-negative off-diagonal element at row 10 col 20
Warning: capacitance matrix has a non-negative off-diagonal element at row 10 col 21
Warning: capacitance matrix has a non-negative off-diagonal element at row 10 col 23
Warning: capacitance matrix has a non-negative off-diagonal element at row 10 col 27
Warning: capacitance matrix has a non-negative off-diagonal element at row 10 col 28
Warning: capacitance matrix has a non-negative off-diagonal element at row 10 col 30
Warning: capacitance matrix has a non-negative off-diagonal element at row 10 col 47
Warning: capacitance matrix has a non-negative off-diagonal element at row 11 col 3
Warning: capacitance matrix has a non-negative off-diagonal element at row 11 col 5
Warning: capacitance matrix has a non-negative off-diagonal element at row 11 col 6
Warning: capacitance matrix has a non-negative off-diagonal element at row 11 col 8
Warning: capacitance matrix has a non-negative off-diagonal element at row 11 col 14
Warning: capacitance matrix has a non-negative off-diagonal element at row 11 col 16
Warning: capacitance matrix has a non-negative off-diagonal element at row 11 col 17
Warning: capacitance matrix has a non-negative off-diagonal element at row 11 col 19
Warning: capacitance matrix has a non-negative off-diagonal element at row 11 col 20
Warning: capacitance matrix has a non-negative off-diagonal element at row 11 col 21
Warning: capacitance matrix has a non-negative off-diagonal element at row 11 col 22
Warning: capacitance matrix has a non-negative off-diagonal element at row 11 col 23
Warning: capacitance matrix has a non-negative off-diagonal element at row 11 col 27
Warning: capacitance matrix has a non-negative off-diagonal element at row 11 col 28
Warning: capacitance matrix has a non-negative off-diagonal element at row 11 col 29
Warning: capacitance matrix has a non-negative off-diagonal element at row 11 col 30
Warning: capacitance matrix has a non-negative off-diagonal element at row 11 col 47
Warning: capacitance matrix has a non-negative off-diagonal element at row 12 col 1
Warning: capacitance matrix has a non-negative off-diagonal element at row 12 col 4
Warning: capacitance matrix has a non-negative off-diagonal element at row 12 col 6
Warning: capacitance matrix has a non-negative off-diagonal element at row 12 col 7
Warning: capacitance matrix has a non-negative off-diagonal element at row 12 col 9
Warning: capacitance matrix has a non-negative off-diagonal element at row 12 col 15
Warning: capacitance matrix has a non-negative off-diagonal element at row 12 col 17
Warning: capacitance matrix has a non-negative off-diagonal element at row 12 col 18
Warning: capacitance matrix has a non-negative off-diagonal element at row 12 col 24
Warning: capacitance matrix has a non-negative off-diagonal element at row 12 col 25
Warning: capacitance matrix has a non-negative off-diagonal element at row 12 col 26
Warning: capacitance matrix has a non-negative off-diagonal element at row 12 col 42
Warning: capacitance matrix has a non-negative off-diagonal element at row 12 col 47
Warning: capacitance matrix has a non-negative off-diagonal element at row 13 col 2
Warning: capacitance matrix has a non-negative off-diagonal element at row 13 col 5
Warning: capacitance matrix has a non-negative off-diagonal element at row 13 col 7
Warning: capacitance matrix has a non-negative off-diagonal element at row 13 col 8
Warning: capacitance matrix has a non-negative off-diagonal element at row 13 col 10
Warning: capacitance matrix has a non-negative off-diagonal element at row 13 col 16
Warning: capacitance matrix has a non-negative off-diagonal element at row 13 col 18
Warning: capacitance matrix has a non-negative off-diagonal element at row 13 col 19
Warning: capacitance matrix has a non-negative off-diagonal element at row 13 col 21
Warning: capacitance matrix has a non-negative off-diagonal element at row 13 col 24
Warning: capacitance matrix has a non-negative off-diagonal element at row 13 col 25
Warning: capacitance matrix has a non-negative off-diagonal element at row 13 col 26
Warning: capacitance matrix has a non-negative off-diagonal element at row 13 col 42
Warning: capacitance matrix has a non-negative off-diagonal element at row 13 col 49
Warning: capacitance matrix has a non-negative off-diagonal element at row 14 col 1
Warning: capacitance matrix has a non-negative off-diagonal element at row 14 col 3
Warning: capacitance matrix has a non-negative off-diagonal element at row 14 col 4
Warning: capacitance matrix has a non-negative off-diagonal element at row 14 col 5
Warning: capacitance matrix has a non-negative off-diagonal element at row 14 col 6
Warning: capacitance matrix has a non-negative off-diagonal element at row 14 col 8
Warning: capacitance matrix has a non-negative off-diagonal element at row 14 col 11
Warning: capacitance matrix has a non-negative off-diagonal element at row 14 col 17
Warning: capacitance matrix has a non-negative off-diagonal element at row 14 col 19
Warning: capacitance matrix has a non-negative off-diagonal element at row 14 col 20
Warning: capacitance matrix has a non-negative off-diagonal element at row 14 col 22
Warning: capacitance matrix has a non-negative off-diagonal element at row 14 col 24
Warning: capacitance matrix has a non-negative off-diagonal element at row 14 col 25
Warning: capacitance matrix has a non-negative off-diagonal element at row 14 col 26
Warning: capacitance matrix has a non-negative off-diagonal element at row 14 col 48
Warning: capacitance matrix has a non-negative off-diagonal element at row 15 col 4
Warning: capacitance matrix has a non-negative off-diagonal element at row 15 col 6
Warning: capacitance matrix has a non-negative off-diagonal element at row 15 col 7
Warning: capacitance matrix has a non-negative off-diagonal element at row 15 col 9
Warning: capacitance matrix has a non-negative off-diagonal element at row 15 col 10
Warning: capacitance matrix has a non-negative off-diagonal element at row 15 col 12
Warning: capacitance matrix has a non-negative off-diagonal element at row 15 col 18
Warning: capacitance matrix has a non-negative off-diagonal element at row 15 col 20
Warning: capacitance matrix has a non-negative off-diagonal element at row 15 col 21
Warning: capacitance matrix has a non-negative off-diagonal element at row 15 col 24
Warning: capacitance matrix has a non-negative off-diagonal element at row 15 col 25
Warning: capacitance matrix has a non-negative off-diagonal element at row 15 col 26
Warning: capacitance matrix has a non-negative off-diagonal element at row 15 col 37
Warning: capacitance matrix has a non-negative off-diagonal element at row 15 col 38
Warning: capacitance matrix has a non-negative off-diagonal element at row 15 col 39
Warning: capacitance matrix has a non-negative off-diagonal element at row 15 col 40
Warning: capacitance matrix has a non-negative off-diagonal element at row 15 col 41
Warning: capacitance matrix has a non-negative off-diagonal element at row 15 col 42
Warning: capacitance matrix has a non-negative off-diagonal element at row 15 col 43
Warning: capacitance matrix has a non-negative off-diagonal element at row 16 col 5
Warning: capacitance matrix has a non-negative off-diagonal element at row 16 col 8
Warning: capacitance matrix has a non-negative off-diagonal element at row 16 col 10
Warning: capacitance matrix has a non-negative off-diagonal element at row 16 col 13
Warning: capacitance matrix has a non-negative off-diagonal element at row 16 col 19
Warning: capacitance matrix has a non-negative off-diagonal element at row 16 col 21
Warning: capacitance matrix has a non-negative off-diagonal element at row 16 col 22
Warning: capacitance matrix has a non-negative off-diagonal element at row 16 col 24
Warning: capacitance matrix has a non-negative off-diagonal element at row 16 col 25
Warning: capacitance matrix has a non-negative off-diagonal element at row 16 col 26
Warning: capacitance matrix has a non-negative off-diagonal element at row 16 col 39
Warning: capacitance matrix has a non-negative off-diagonal element at row 16 col 40
Warning: capacitance matrix has a non-negative off-diagonal element at row 16 col 41
Warning: capacitance matrix has a non-negative off-diagonal element at row 16 col 42
Warning: capacitance matrix has a non-negative off-diagonal element at row 17 col 9
Warning: capacitance matrix has a non-negative off-diagonal element at row 17 col 11
Warning: capacitance matrix has a non-negative off-diagonal element at row 17 col 12
Warning: capacitance matrix has a non-negative off-diagonal element at row 17 col 14
Warning: capacitance matrix has a non-negative off-diagonal element at row 17 col 20
Warning: capacitance matrix has a non-negative off-diagonal element at row 17 col 22
Warning: capacitance matrix has a non-negative off-diagonal element at row 17 col 23
Warning: capacitance matrix has a non-negative off-diagonal element at row 17 col 25
Warning: capacitance matrix has a non-negative off-diagonal element at row 17 col 26
Warning: capacitance matrix has a non-negative off-diagonal element at row 17 col 34
Warning: capacitance matrix has a non-negative off-diagonal element at row 17 col 35
Warning: capacitance matrix has a non-negative off-diagonal element at row 17 col 36
Warning: capacitance matrix has a non-negative off-diagonal element at row 17 col 37
Warning: capacitance matrix has a non-negative off-diagonal element at row 17 col 38
Warning: capacitance matrix has a non-negative off-diagonal element at row 17 col 39
Warning: capacitance matrix has a non-negative off-diagonal element at row 17 col 40
Warning: capacitance matrix has a non-negative off-diagonal element at row 17 col 41
Warning: capacitance matrix has a non-negative off-diagonal element at row 17 col 42
Warning: capacitance matrix has a non-negative off-diagonal element at row 17 col 43
Warning: capacitance matrix has a non-negative off-diagonal element at row 18 col 9
Warning: capacitance matrix has a non-negative off-diagonal element at row 18 col 10
Warning: capacitance matrix has a non-negative off-diagonal element at row 18 col 12
Warning: capacitance matrix has a non-negative off-diagonal element at row 18 col 13
Warning: capacitance matrix has a non-negative off-diagonal element at row 18 col 15
Warning: capacitance matrix has a non-negative off-diagonal element at row 18 col 21
Warning: capacitance matrix has a non-negative off-diagonal element at row 18 col 23
Warning: capacitance matrix has a non-negative off-diagonal element at row 18 col 24
Warning: capacitance matrix has a non-negative off-diagonal element at row 18 col 26
Warning: capacitance matrix has a non-negative off-diagonal element at row 18 col 34
Warning: capacitance matrix has a non-negative off-diagonal element at row 18 col 35
Warning: capacitance matrix has a non-negative off-diagonal element at row 18 col 36
Warning: capacitance matrix has a non-negative off-diagonal element at row 18 col 37
Warning: capacitance matrix has a non-negative off-diagonal element at row 18 col 38
Warning: capacitance matrix has a non-negative off-diagonal element at row 18 col 39
Warning: capacitance matrix has a non-negative off-diagonal element at row 18 col 40
Warning: capacitance matrix has a non-negative off-diagonal element at row 18 col 41
Warning: capacitance matrix has a non-negative off-diagonal element at row 18 col 42
Warning: capacitance matrix has a non-negative off-diagonal element at row 18 col 43
Warning: capacitance matrix has a non-negative off-diagonal element at row 18 col 44
Warning: capacitance matrix has a non-negative off-diagonal element at row 18 col 47
Warning: capacitance matrix has a non-negative off-diagonal element at row 18 col 48
Warning: capacitance matrix has a non-negative off-diagonal element at row 19 col 8
Warning: capacitance matrix has a non-negative off-diagonal element at row 19 col 10
Warning: capacitance matrix has a non-negative off-diagonal element at row 19 col 11
Warning: capacitance matrix has a non-negative off-diagonal element at row 19 col 13
Warning: capacitance matrix has a non-negative off-diagonal element at row 19 col 14
Warning: capacitance matrix has a non-negative off-diagonal element at row 19 col 16
Warning: capacitance matrix has a non-negative off-diagonal element at row 19 col 22
Warning: capacitance matrix has a non-negative off-diagonal element at row 19 col 24
Warning: capacitance matrix has a non-negative off-diagonal element at row 19 col 25
Warning: capacitance matrix has a non-negative off-diagonal element at row 19 col 26
Warning: capacitance matrix has a non-negative off-diagonal element at row 19 col 27
Warning: capacitance matrix has a non-negative off-diagonal element at row 19 col 28
Warning: capacitance matrix has a non-negative off-diagonal element at row 19 col 29
Warning: capacitance matrix has a non-negative off-diagonal element at row 19 col 30
Warning: capacitance matrix has a non-negative off-diagonal element at row 19 col 31
Warning: capacitance matrix has a non-negative off-diagonal element at row 19 col 32
Warning: capacitance matrix has a non-negative off-diagonal element at row 19 col 33
Warning: capacitance matrix has a non-negative off-diagonal element at row 20 col 9
Warning: capacitance matrix has a non-negative off-diagonal element at row 20 col 10
Warning: capacitance matrix has a non-negative off-diagonal element at row 20 col 11
Warning: capacitance matrix has a non-negative off-diagonal element at row 20 col 14
Warning: capacitance matrix has a non-negative off-diagonal element at row 20 col 15
Warning: capacitance matrix has a non-negative off-diagonal element at row 20 col 17
Warning: capacitance matrix has a non-negative off-diagonal element at row 20 col 23
Warning: capacitance matrix has a non-negative off-diagonal element at row 20 col 25
Warning: capacitance matrix has a non-negative off-diagonal element at row 20 col 26
Warning: capacitance matrix has a non-negative off-diagonal element at row 20 col 28
Warning: capacitance matrix has a non-negative off-diagonal element at row 20 col 29
Warning: capacitance matrix has a non-negative off-diagonal element at row 20 col 31
Warning: capacitance matrix has a non-negative off-diagonal element at row 20 col 32
Warning: capacitance matrix has a non-negative off-diagonal element at row 20 col 33
Warning: capacitance matrix has a non-negative off-diagonal element at row 21 col 10
Warning: capacitance matrix has a non-negative off-diagonal element at row 21 col 11
Warning: capacitance matrix has a non-negative off-diagonal element at row 21 col 13
Warning: capacitance matrix has a non-negative off-diagonal element at row 21 col 15
Warning: capacitance matrix has a non-negative off-diagonal element at row 21 col 16
Warning: capacitance matrix has a non-negative off-diagonal element at row 21 col 18
Warning: capacitance matrix has a non-negative off-diagonal element at row 21 col 24
Warning: capacitance matrix has a non-negative off-diagonal element at row 21 col 26
Warning: capacitance matrix has a non-negative off-diagonal element at row 21 col 29
Warning: capacitance matrix has a non-negative off-diagonal element at row 21 col 30
Warning: capacitance matrix has a non-negative off-diagonal element at row 21 col 31
Warning: capacitance matrix has a non-negative off-diagonal element at row 21 col 32
Warning: capacitance matrix has a non-negative off-diagonal element at row 21 col 33
Warning: capacitance matrix has a non-negative off-diagonal element at row 21 col 47
Warning: capacitance matrix has a non-negative off-diagonal element at row 22 col 8
Warning: capacitance matrix has a non-negative off-diagonal element at row 22 col 11
Warning: capacitance matrix has a non-negative off-diagonal element at row 22 col 14
Warning: capacitance matrix has a non-negative off-diagonal element at row 22 col 16
Warning: capacitance matrix has a non-negative off-diagonal element at row 22 col 17
Warning: capacitance matrix has a non-negative off-diagonal element at row 22 col 19
Warning: capacitance matrix has a non-negative off-diagonal element at row 22 col 25
Warning: capacitance matrix has a non-negative off-diagonal element at row 22 col 27
Warning: capacitance matrix has a non-negative off-diagonal element at row 22 col 28
Warning: capacitance matrix has a non-negative off-diagonal element at row 22 col 30
Warning: capacitance matrix has a non-negative off-diagonal element at row 22 col 35
Warning: capacitance matrix has a non-negative off-diagonal element at row 22 col 36
Warning: capacitance matrix has a non-negative off-diagonal element at row 23 col 8
Warning: capacitance matrix has a non-negative off-diagonal element at row 23 col 10
Warning: capacitance matrix has a non-negative off-diagonal element at row 23 col 11
Warning: capacitance matrix has a non-negative off-diagonal element at row 23 col 17
Warning: capacitance matrix has a non-negative off-diagonal element at row 23 col 18
Warning: capacitance matrix has a non-negative off-diagonal element at row 23 col 20
Warning: capacitance matrix has a non-negative off-diagonal element at row 23 col 26
Warning: capacitance matrix has a non-negative off-diagonal element at row 23 col 28
Warning: capacitance matrix has a non-negative off-diagonal element at row 23 col 29
Warning: capacitance matrix has a non-negative off-diagonal element at row 23 col 31
Warning: capacitance matrix has a non-negative off-diagonal element at row 23 col 34
Warning: capacitance matrix has a non-negative off-diagonal element at row 23 col 35
Warning: capacitance matrix has a non-negative off-diagonal element at row 23 col 37
Warning: capacitance matrix has a non-negative off-diagonal element at row 24 col 12
Warning: capacitance matrix has a non-negative off-diagonal element at row 24 col 13
Warning: capacitance matrix has a non-negative off-diagonal element at row 24 col 14
Warning: capacitance matrix has a non-negative off-diagonal element at row 24 col 15
Warning: capacitance matrix has a non-negative off-diagonal element at row 24 col 16
Warning: capacitance matrix has a non-negative off-diagonal element at row 24 col 18
Warning: capacitance matrix has a non-negative off-diagonal element at row 24 col 19
Warning: capacitance matrix has a non-negative off-diagonal element at row 24 col 21
Warning: capacitance matrix has a non-negative off-diagonal element at row 24 col 27
Warning: capacitance matrix has a non-negative off-diagonal element at row 24 col 29
Warning: capacitance matrix has a non-negative off-diagonal element at row 24 col 30
Warning: capacitance matrix has a non-negative off-diagonal element at row 24 col 32
Warning: capacitance matrix has a non-negative off-diagonal element at row 24 col 34
Warning: capacitance matrix has a non-negative off-diagonal element at row 24 col 35
Warning: capacitance matrix has a non-negative off-diagonal element at row 24 col 37
Warning: capacitance matrix has a non-negative off-diagonal element at row 25 col 12
Warning: capacitance matrix has a non-negative off-diagonal element at row 25 col 13
Warning: capacitance matrix has a non-negative off-diagonal element at row 25 col 14
Warning: capacitance matrix has a non-negative off-diagonal element at row 25 col 15
Warning: capacitance matrix has a non-negative off-diagonal element at row 25 col 16
Warning: capacitance matrix has a non-negative off-diagonal element at row 25 col 17
Warning: capacitance matrix has a non-negative off-diagonal element at row 25 col 19
Warning: capacitance matrix has a non-negative off-diagonal element at row 25 col 20
Warning: capacitance matrix has a non-negative off-diagonal element at row 25 col 22
Warning: capacitance matrix has a non-negative off-diagonal element at row 25 col 28
Warning: capacitance matrix has a non-negative off-diagonal element at row 25 col 30
Warning: capacitance matrix has a non-negative off-diagonal element at row 25 col 31
Warning: capacitance matrix has a non-negative off-diagonal element at row 25 col 34
Warning: capacitance matrix has a non-negative off-diagonal element at row 25 col 35
Warning: capacitance matrix has a non-negative off-diagonal element at row 25 col 36
Warning: capacitance matrix has a non-negative off-diagonal element at row 26 col 12
Warning: capacitance matrix has a non-negative off-diagonal element at row 26 col 13
Warning: capacitance matrix has a non-negative off-diagonal element at row 26 col 14
Warning: capacitance matrix has a non-negative off-diagonal element at row 26 col 15
Warning: capacitance matrix has a non-negative off-diagonal element at row 26 col 16
Warning: capacitance matrix has a non-negative off-diagonal element at row 26 col 17
Warning: capacitance matrix has a non-negative off-diagonal element at row 26 col 18
Warning: capacitance matrix has a non-negative off-diagonal element at row 26 col 19
Warning: capacitance matrix has a non-negative off-diagonal element at row 26 col 20
Warning: capacitance matrix has a non-negative off-diagonal element at row 26 col 21
Warning: capacitance matrix has a non-negative off-diagonal element at row 26 col 23
Warning: capacitance matrix has a non-negative off-diagonal element at row 26 col 29
Warning: capacitance matrix has a non-negative off-diagonal element at row 26 col 31
Warning: capacitance matrix has a non-negative off-diagonal element at row 26 col 32
Warning: capacitance matrix has a non-negative off-diagonal element at row 26 col 34
Warning: capacitance matrix has a non-negative off-diagonal element at row 26 col 35
Warning: capacitance matrix has a non-negative off-diagonal element at row 27 col 1
Warning: capacitance matrix has a non-negative off-diagonal element at row 27 col 2
Warning: capacitance matrix has a non-negative off-diagonal element at row 27 col 3
Warning: capacitance matrix has a non-negative off-diagonal element at row 27 col 4
Warning: capacitance matrix has a non-negative off-diagonal element at row 27 col 5
Warning: capacitance matrix has a non-negative off-diagonal element at row 27 col 6
Warning: capacitance matrix has a non-negative off-diagonal element at row 27 col 7
Warning: capacitance matrix has a non-negative off-diagonal element at row 27 col 8
Warning: capacitance matrix has a non-negative off-diagonal element at row 27 col 9
Warning: capacitance matrix has a non-negative off-diagonal element at row 27 col 10
Warning: capacitance matrix has a non-negative off-diagonal element at row 27 col 19
Warning: capacitance matrix has a non-negative off-diagonal element at row 27 col 21
Warning: capacitance matrix has a non-negative off-diagonal element at row 27 col 22
Warning: capacitance matrix has a non-negative off-diagonal element at row 27 col 24
Warning: capacitance matrix has a non-negative off-diagonal element at row 27 col 30
Warning: capacitance matrix has a non-negative off-diagonal element at row 27 col 32
Warning: capacitance matrix has a non-negative off-diagonal element at row 27 col 33
Warning: capacitance matrix has a non-negative off-diagonal element at row 27 col 35
Warning: capacitance matrix has a non-negative off-diagonal element at row 27 col 47
Warning: capacitance matrix has a non-negative off-diagonal element at row 27 col 48
Warning: capacitance matrix has a non-negative off-diagonal element at row 28 col 2
Warning: capacitance matrix has a non-negative off-diagonal element at row 28 col 3
Warning: capacitance matrix has a non-negative off-diagonal element at row 28 col 4
Warning: capacitance matrix has a non-negative off-diagonal element at row 28 col 5
Warning: capacitance matrix has a non-negative off-diagonal element at row 28 col 6
Warning: capacitance matrix has a non-negative off-diagonal element at row 28 col 7
Warning: capacitance matrix has a non-negative off-diagonal element at row 28 col 8
Warning: capacitance matrix has a non-negative off-diagonal element at row 28 col 9
Warning: capacitance matrix has a non-negative off-diagonal element at row 28 col 10
Warning: capacitance matrix has a non-negative off-diagonal element at row 28 col 11
Warning: capacitance matrix has a non-negative off-diagonal element at row 28 col 19
Warning: capacitance matrix has a non-negative off-diagonal element at row 28 col 20
Warning: capacitance matrix has a non-negative off-diagonal element at row 28 col 22
Warning: capacitance matrix has a non-negative off-diagonal element at row 28 col 23
Warning: capacitance matrix has a non-negative off-diagonal element at row 28 col 25
Warning: capacitance matrix has a non-negative off-diagonal element at row 28 col 31
Warning: capacitance matrix has a non-negative off-diagonal element at row 28 col 33
Warning: capacitance matrix has a non-negative off-diagonal element at row 28 col 34
Warning: capacitance matrix has a non-negative off-diagonal element at row 28 col 36
Warning: capacitance matrix has a non-negative off-diagonal element at row 29 col 3
Warning: capacitance matrix has a non-negative off-diagonal element at row 29 col 4
Warning: capacitance matrix has a non-negative off-diagonal element at row 29 col 5
Warning: capacitance matrix has a non-negative off-diagonal element at row 29 col 6
Warning: capacitance matrix has a non-negative off-diagonal element at row 29 col 11
Warning: capacitance matrix has a non-negative off-diagonal element at row 29 col 19
Warning: capacitance matrix has a non-negative off-diagonal element at row 29 col 20
Warning: capacitance matrix has a non-negative off-diagonal element at row 29 col 21
Warning: capacitance matrix has a non-negative off-diagonal element at row 29 col 23
Warning: capacitance matrix has a non-negative off-diagonal element at row 29 col 24
Warning: capacitance matrix has a non-negative off-diagonal element at row 29 col 26
Warning: capacitance matrix has a non-negative off-diagonal element at row 29 col 32
Warning: capacitance matrix has a non-negative off-diagonal element at row 29 col 34
Warning: capacitance matrix has a non-negative off-diagonal element at row 29 col 35
Warning: capacitance matrix has a non-negative off-diagonal element at row 29 col 37
Warning: capacitance matrix has a non-negative off-diagonal element at row 30 col 2
Warning: capacitance matrix has a non-negative off-diagonal element at row 30 col 3
Warning: capacitance matrix has a non-negative off-diagonal element at row 30 col 4
Warning: capacitance matrix has a non-negative off-diagonal element at row 30 col 5
Warning: capacitance matrix has a non-negative off-diagonal element at row 30 col 6
Warning: capacitance matrix has a non-negative off-diagonal element at row 30 col 7
Warning: capacitance matrix has a non-negative off-diagonal element at row 30 col 8
Warning: capacitance matrix has a non-negative off-diagonal element at row 30 col 9
Warning: capacitance matrix has a non-negative off-diagonal element at row 30 col 10
Warning: capacitance matrix has a non-negative off-diagonal element at row 30 col 11
Warning: capacitance matrix has a non-negative off-diagonal element at row 30 col 19
Warning: capacitance matrix has a non-negative off-diagonal element at row 30 col 20
Warning: capacitance matrix has a non-negative off-diagonal element at row 30 col 21
Warning: capacitance matrix has a non-negative off-diagonal element at row 30 col 22
Warning: capacitance matrix has a non-negative off-diagonal element at row 30 col 24
Warning: capacitance matrix has a non-negative off-diagonal element at row 30 col 25
Warning: capacitance matrix has a non-negative off-diagonal element at row 30 col 27
Warning: capacitance matrix has a non-negative off-diagonal element at row 30 col 33
Warning: capacitance matrix has a non-negative off-diagonal element at row 30 col 35
Warning: capacitance matrix has a non-negative off-diagonal element at row 30 col 36
Warning: capacitance matrix has a non-negative off-diagonal element at row 30 col 38
Warning: capacitance matrix has a non-negative off-diagonal element at row 30 col 47
Warning: capacitance matrix has a non-negative off-diagonal element at row 31 col 19
Warning: capacitance matrix has a non-negative off-diagonal element at row 31 col 20
Warning: capacitance matrix has a non-negative off-diagonal element at row 31 col 21
Warning: capacitance matrix has a non-negative off-diagonal element at row 31 col 23
Warning: capacitance matrix has a non-negative off-diagonal element at row 31 col 25
Warning: capacitance matrix has a non-negative off-diagonal element at row 31 col 26
Warning: capacitance matrix has a non-negative off-diagonal element at row 31 col 28
Warning: capacitance matrix has a non-negative off-diagonal element at row 31 col 34
Warning: capacitance matrix has a non-negative off-diagonal element at row 31 col 36
Warning: capacitance matrix has a non-negative off-diagonal element at row 31 col 37
Warning: capacitance matrix has a non-negative off-diagonal element at row 31 col 39
Warning: capacitance matrix has a non-negative off-diagonal element at row 31 col 40
Warning: capacitance matrix has a non-negative off-diagonal element at row 31 col 41
Warning: capacitance matrix has a non-negative off-diagonal element at row 31 col 42
Warning: capacitance matrix has a non-negative off-diagonal element at row 32 col 19
Warning: capacitance matrix has a non-negative off-diagonal element at row 32 col 20
Warning: capacitance matrix has a non-negative off-diagonal element at row 32 col 21
Warning: capacitance matrix has a non-negative off-diagonal element at row 32 col 24
Warning: capacitance matrix has a non-negative off-diagonal element at row 32 col 26
Warning: capacitance matrix has a non-negative off-diagonal element at row 32 col 27
Warning: capacitance matrix has a non-negative off-diagonal element at row 32 col 29
Warning: capacitance matrix has a non-negative off-diagonal element at row 32 col 35
Warning: capacitance matrix has a non-negative off-diagonal element at row 32 col 37
Warning: capacitance matrix has a non-negative off-diagonal element at row 32 col 38
Warning: capacitance matrix has a non-negative off-diagonal element at row 32 col 40
Warning: capacitance matrix has a non-negative off-diagonal element at row 32 col 41
Warning: capacitance matrix has a non-negative off-diagonal element at row 32 col 42
Warning: capacitance matrix has a non-negative off-diagonal element at row 32 col 43
Warning: capacitance matrix has a non-negative off-diagonal element at row 32 col 47
Warning: capacitance matrix has a non-negative off-diagonal element at row 33 col 6
Warning: capacitance matrix has a non-negative off-diagonal element at row 33 col 7
Warning: capacitance matrix has a non-negative off-diagonal element at row 33 col 8
Warning: capacitance matrix has a non-negative off-diagonal element at row 33 col 9
Warning: capacitance matrix has a non-negative off-diagonal element at row 33 col 10
Warning: capacitance matrix has a non-negative off-diagonal element at row 33 col 19
Warning: capacitance matrix has a non-negative off-diagonal element at row 33 col 20
Warning: capacitance matrix has a non-negative off-diagonal element at row 33 col 21
Warning: capacitance matrix has a non-negative off-diagonal element at row 33 col 25
Warning: capacitance matrix has a non-negative off-diagonal element at row 33 col 27
Warning: capacitance matrix has a non-negative off-diagonal element at row 33 col 28
Warning: capacitance matrix has a non-negative off-diagonal element at row 33 col 30
Warning: capacitance matrix has a non-negative off-diagonal element at row 33 col 36
Warning: capacitance matrix has a non-negative off-diagonal element at row 33 col 38
Warning: capacitance matrix has a non-negative off-diagonal element at row 33 col 39
Warning: capacitance matrix has a non-negative off-diagonal element at row 33 col 41
Warning: capacitance matrix has a non-negative off-diagonal element at row 33 col 47
Warning: capacitance matrix has a non-negative off-diagonal element at row 34 col 15
Warning: capacitance matrix has a non-negative off-diagonal element at row 34 col 17
Warning: capacitance matrix has a non-negative off-diagonal element at row 34 col 18
Warning: capacitance matrix has a non-negative off-diagonal element at row 34 col 23
Warning: capacitance matrix has a non-negative off-diagonal element at row 34 col 24
Warning: capacitance matrix has a non-negative off-diagonal element at row 34 col 25
Warning: capacitance matrix has a non-negative off-diagonal element at row 34 col 26
Warning: capacitance matrix has a non-negative off-diagonal element at row 34 col 28
Warning: capacitance matrix has a non-negative off-diagonal element at row 34 col 29
Warning: capacitance matrix has a non-negative off-diagonal element at row 34 col 31
Warning: capacitance matrix has a non-negative off-diagonal element at row 34 col 37
Warning: capacitance matrix has a non-negative off-diagonal element at row 34 col 39
Warning: capacitance matrix has a non-negative off-diagonal element at row 34 col 40
Warning: capacitance matrix has a non-negative off-diagonal element at row 34 col 42
Warning: capacitance matrix has a non-negative off-diagonal element at row 34 col 45
Warning: capacitance matrix has a non-negative off-diagonal element at row 34 col 48
Warning: capacitance matrix has a non-negative off-diagonal element at row 35 col 15
Warning: capacitance matrix has a non-negative off-diagonal element at row 35 col 17
Warning: capacitance matrix has a non-negative off-diagonal element at row 35 col 18
Warning: capacitance matrix has a non-negative off-diagonal element at row 35 col 22
Warning: capacitance matrix has a non-negative off-diagonal element at row 35 col 23
Warning: capacitance matrix has a non-negative off-diagonal element at row 35 col 24
Warning: capacitance matrix has a non-negative off-diagonal element at row 35 col 25
Warning: capacitance matrix has a non-negative off-diagonal element at row 35 col 26
Warning: capacitance matrix has a non-negative off-diagonal element at row 35 col 27
Warning: capacitance matrix has a non-negative off-diagonal element at row 35 col 29
Warning: capacitance matrix has a non-negative off-diagonal element at row 35 col 30
Warning: capacitance matrix has a non-negative off-diagonal element at row 35 col 32
Warning: capacitance matrix has a non-negative off-diagonal element at row 35 col 38
Warning: capacitance matrix has a non-negative off-diagonal element at row 35 col 40
Warning: capacitance matrix has a non-negative off-diagonal element at row 35 col 41
Warning: capacitance matrix has a non-negative off-diagonal element at row 35 col 43
Warning: capacitance matrix has a non-negative off-diagonal element at row 35 col 47
Warning: capacitance matrix has a non-negative off-diagonal element at row 36 col 15
Warning: capacitance matrix has a non-negative off-diagonal element at row 36 col 17
Warning: capacitance matrix has a non-negative off-diagonal element at row 36 col 18
Warning: capacitance matrix has a non-negative off-diagonal element at row 36 col 22
Warning: capacitance matrix has a non-negative off-diagonal element at row 36 col 25
Warning: capacitance matrix has a non-negative off-diagonal element at row 36 col 27
Warning: capacitance matrix has a non-negative off-diagonal element at row 36 col 28
Warning: capacitance matrix has a non-negative off-diagonal element at row 36 col 30
Warning: capacitance matrix has a non-negative off-diagonal element at row 36 col 33
Warning: capacitance matrix has a non-negative off-diagonal element at row 36 col 39
Warning: capacitance matrix has a non-negative off-diagonal element at row 36 col 41
Warning: capacitance matrix has a non-negative off-diagonal element at row 36 col 42
Warning: capacitance matrix has a non-negative off-diagonal element at row 36 col 44
Warning: capacitance matrix has a non-negative off-diagonal element at row 37 col 15
Warning: capacitance matrix has a non-negative off-diagonal element at row 37 col 17
Warning: capacitance matrix has a non-negative off-diagonal element at row 37 col 18
Warning: capacitance matrix has a non-negative off-diagonal element at row 37 col 23
Warning: capacitance matrix has a non-negative off-diagonal element at row 37 col 29
Warning: capacitance matrix has a non-negative off-diagonal element at row 37 col 31
Warning: capacitance matrix has a non-negative off-diagonal element at row 37 col 32
Warning: capacitance matrix has a non-negative off-diagonal element at row 37 col 34
Warning: capacitance matrix has a non-negative off-diagonal element at row 37 col 40
Warning: capacitance matrix has a non-negative off-diagonal element at row 37 col 42
Warning: capacitance matrix has a non-negative off-diagonal element at row 37 col 43
Warning: capacitance matrix has a non-negative off-diagonal element at row 38 col 15
Warning: capacitance matrix has a non-negative off-diagonal element at row 38 col 17
Warning: capacitance matrix has a non-negative off-diagonal element at row 38 col 18
Warning: capacitance matrix has a non-negative off-diagonal element at row 38 col 29
Warning: capacitance matrix has a non-negative off-diagonal element at row 38 col 30
Warning: capacitance matrix has a non-negative off-diagonal element at row 38 col 32
Warning: capacitance matrix has a non-negative off-diagonal element at row 38 col 33
Warning: capacitance matrix has a non-negative off-diagonal element at row 38 col 35
Warning: capacitance matrix has a non-negative off-diagonal element at row 38 col 41
Warning: capacitance matrix has a non-negative off-diagonal element at row 38 col 43
Warning: capacitance matrix has a non-negative off-diagonal element at row 38 col 44
Warning: capacitance matrix has a non-negative off-diagonal element at row 39 col 15
Warning: capacitance matrix has a non-negative off-diagonal element at row 39 col 16
Warning: capacitance matrix has a non-negative off-diagonal element at row 39 col 17
Warning: capacitance matrix has a non-negative off-diagonal element at row 39 col 18
Warning: capacitance matrix has a non-negative off-diagonal element at row 39 col 30
Warning: capacitance matrix has a non-negative off-diagonal element at row 39 col 31
Warning: capacitance matrix has a non-negative off-diagonal element at row 39 col 33
Warning: capacitance matrix has a non-negative off-diagonal element at row 39 col 34
Warning: capacitance matrix has a non-negative off-diagonal element at row 39 col 36
Warning: capacitance matrix has a non-negative off-diagonal element at row 39 col 42
Warning: capacitance matrix has a non-negative off-diagonal element at row 39 col 44
Warning: capacitance matrix has a non-negative off-diagonal element at row 40 col 15
Warning: capacitance matrix has a non-negative off-diagonal element at row 40 col 16
Warning: capacitance matrix has a non-negative off-diagonal element at row 40 col 17
Warning: capacitance matrix has a non-negative off-diagonal element at row 40 col 18
Warning: capacitance matrix has a non-negative off-diagonal element at row 40 col 29
Warning: capacitance matrix has a non-negative off-diagonal element at row 40 col 31
Warning: capacitance matrix has a non-negative off-diagonal element at row 40 col 32
Warning: capacitance matrix has a non-negative off-diagonal element at row 40 col 34
Warning: capacitance matrix has a non-negative off-diagonal element at row 40 col 35
Warning: capacitance matrix has a non-negative off-diagonal element at row 40 col 37
Warning: capacitance matrix has a non-negative off-diagonal element at row 40 col 43
Warning: capacitance matrix has a non-negative off-diagonal element at row 41 col 12
Warning: capacitance matrix has a non-negative off-diagonal element at row 41 col 15
Warning: capacitance matrix has a non-negative off-diagonal element at row 41 col 16
Warning: capacitance matrix has a non-negative off-diagonal element at row 41 col 17
Warning: capacitance matrix has a non-negative off-diagonal element at row 41 col 18
Warning: capacitance matrix has a non-negative off-diagonal element at row 41 col 32
Warning: capacitance matrix has a non-negative off-diagonal element at row 41 col 33
Warning: capacitance matrix has a non-negative off-diagonal element at row 41 col 35
Warning: capacitance matrix has a non-negative off-diagonal element at row 41 col 36
Warning: capacitance matrix has a non-negative off-diagonal element at row 41 col 38
Warning: capacitance matrix has a non-negative off-diagonal element at row 41 col 44
Warning: capacitance matrix has a non-negative off-diagonal element at row 42 col 15
Warning: capacitance matrix has a non-negative off-diagonal element at row 42 col 16
Warning: capacitance matrix has a non-negative off-diagonal element at row 42 col 17
Warning: capacitance matrix has a non-negative off-diagonal element at row 42 col 18
Warning: capacitance matrix has a non-negative off-diagonal element at row 42 col 31
Warning: capacitance matrix has a non-negative off-diagonal element at row 42 col 32
Warning: capacitance matrix has a non-negative off-diagonal element at row 42 col 34
Warning: capacitance matrix has a non-negative off-diagonal element at row 42 col 36
Warning: capacitance matrix has a non-negative off-diagonal element at row 42 col 37
Warning: capacitance matrix has a non-negative off-diagonal element at row 42 col 39
Warning: capacitance matrix has a non-negative off-diagonal element at row 43 col 15
Warning: capacitance matrix has a non-negative off-diagonal element at row 43 col 17
Warning: capacitance matrix has a non-negative off-diagonal element at row 43 col 18
Warning: capacitance matrix has a non-negative off-diagonal element at row 43 col 32
Warning: capacitance matrix has a non-negative off-diagonal element at row 43 col 35
Warning: capacitance matrix has a non-negative off-diagonal element at row 43 col 37
Warning: capacitance matrix has a non-negative off-diagonal element at row 43 col 38
Warning: capacitance matrix has a non-negative off-diagonal element at row 43 col 40
Warning: capacitance matrix has a non-negative off-diagonal element at row 43 col 47
Warning: capacitance matrix has a non-negative off-diagonal element at row 44 col 18
Warning: capacitance matrix has a non-negative off-diagonal element at row 44 col 33
Warning: capacitance matrix has a non-negative off-diagonal element at row 44 col 36
Warning: capacitance matrix has a non-negative off-diagonal element at row 44 col 38
Warning: capacitance matrix has a non-negative off-diagonal element at row 44 col 39
Warning: capacitance matrix has a non-negative off-diagonal element at row 44 col 41
Warning: capacitance matrix has a non-negative off-diagonal element at row 45 col 47
Warning: capacitance matrix has a non-negative off-diagonal element at row 46 col 14
Warning: capacitance matrix has a non-negative off-diagonal element at row 46 col 48
Warning: capacitance matrix has a non-negative off-diagonal element at row 47 col 1
Warning: capacitance matrix has a non-negative off-diagonal element at row 47 col 7
Warning: capacitance matrix has a non-negative off-diagonal element at row 47 col 8
Warning: capacitance matrix has a non-negative off-diagonal element at row 47 col 9
Warning: capacitance matrix has a non-negative off-diagonal element at row 47 col 10
Warning: capacitance matrix has a non-negative off-diagonal element at row 47 col 11
Warning: capacitance matrix has a non-negative off-diagonal element at row 47 col 12
Warning: capacitance matrix has a non-negative off-diagonal element at row 47 col 13
Warning: capacitance matrix has a non-negative off-diagonal element at row 47 col 21
Warning: capacitance matrix has a non-negative off-diagonal element at row 47 col 24
Warning: capacitance matrix has a non-negative off-diagonal element at row 47 col 27
Warning: capacitance matrix has a non-negative off-diagonal element at row 47 col 30
Warning: capacitance matrix has a non-negative off-diagonal element at row 47 col 32
Warning: capacitance matrix has a non-negative off-diagonal element at row 47 col 33
Warning: capacitance matrix has a non-negative off-diagonal element at row 47 col 35
Warning: capacitance matrix has a non-negative off-diagonal element at row 47 col 43
Warning: capacitance matrix has a non-negative off-diagonal element at row 48 col 14
Warning: capacitance matrix has a non-negative off-diagonal element at row 48 col 34
Warning: capacitance matrix has a non-negative off-diagonal element at row 48 col 45
Warning: capacitance matrix has a non-negative off-diagonal element at row 48 col 46
Warning: capacitance matrix has a non-negative off-diagonal element at row 49 col 13
Warning: capacitance matrix is not diagonally dominant due to row 2
Warning: capacitance matrix is not diagonally dominant due to row 3
Warning: capacitance matrix is not diagonally dominant due to row 4
Warning: capacitance matrix is not diagonally dominant due to row 5
Warning: capacitance matrix is not diagonally dominant due to row 6
Warning: capacitance matrix is not diagonally dominant due to row 7
Warning: capacitance matrix is not diagonally dominant due to row 8
Warning: capacitance matrix is not diagonally dominant due to row 9
Warning: capacitance matrix is not diagonally dominant due to row 10
Warning: capacitance matrix is not diagonally dominant due to row 11
Warning: capacitance matrix is not diagonally dominant due to row 12
Warning: capacitance matrix is not diagonally dominant due to row 13
Warning: capacitance matrix is not diagonally dominant due to row 14
Warning: capacitance matrix is not diagonally dominant due to row 15
Warning: capacitance matrix is not diagonally dominant due to row 16
Warning: capacitance matrix is not diagonally dominant due to row 17
Warning: capacitance matrix is not diagonally dominant due to row 18
Warning: capacitance matrix is not diagonally dominant due to row 19
Warning: capacitance matrix is not diagonally dominant due to row 20
Warning: capacitance matrix is not diagonally dominant due to row 21
Warning: capacitance matrix is not diagonally dominant due to row 22
Warning: capacitance matrix is not diagonally dominant due to row 23
Warning: capacitance matrix is not diagonally dominant due to row 24
Warning: capacitance matrix is not diagonally dominant due to row 25
Warning: capacitance matrix is not diagonally dominant due to row 26
Warning: capacitance matrix is not diagonally dominant due to row 27
Warning: capacitance matrix is not diagonally dominant due to row 28
Warning: capacitance matrix is not diagonally dominant due to row 29
Warning: capacitance matrix is not diagonally dominant due to row 30
Warning: capacitance matrix is not diagonally dominant due to row 31
Warning: capacitance matrix is not diagonally dominant due to row 32
Warning: capacitance matrix is not diagonally dominant due to row 33
Warning: capacitance matrix is not diagonally dominant due to row 34
Warning: capacitance matrix is not diagonally dominant due to row 35
Warning: capacitance matrix is not diagonally dominant due to row 36
Warning: capacitance matrix is not diagonally dominant due to row 37
Warning: capacitance matrix is not diagonally dominant due to row 38
Warning: capacitance matrix is not diagonally dominant due to row 39
Warning: capacitance matrix is not diagonally dominant due to row 40
Warning: capacitance matrix is not diagonally dominant due to row 41
Warning: capacitance matrix is not diagonally dominant due to row 42
Warning: capacitance matrix is not diagonally dominant due to row 43
Warning: capacitance matrix is not diagonally dominant due to row 46
Warning: capacitance matrix is not diagonally dominant due to row 47
Warning: capacitance matrix is not diagonally dominant due to row 48


Solve statistics:
Number of input panels: 294 of which 294 conductors and 0 dielectric
Number of input panels to solver engine: 2516
Number of panels after refinement: 2516
Number of potential estimates: 11574
Number of links: 14730 (uncompressed 6330256, compression ratio is 99.8%)
Max recursion level: 13
Max Mesh relative refinement value: 0.0550184

Total allocated memory: 18850 kilobytes
Total time: 0.417145s (0 days, 0 hours, 0 mins, 0 s)


